--- Copying files at Sun Mar 22 18:53:01 UTC 2020
--- Copying files at Sun Mar 22 18:59:10 UTC 2020
--- Copying files at Mon Mar 23 17:03:55 UTC 2020
--- Copying files at Mon Mar 23 18:26:31 UTC 2020
--- Copying files at Mon Mar 23 18:26:35 UTC 2020
--- Copying files at Mon Mar 23 18:37:49 UTC 2020
--- Copying files at Mon Mar 23 18:40:34 UTC 2020
--- Copying files at Mon Mar 23 18:41:56 UTC 2020
--- Copying files at Tue Mar 24 10:06:32 UTC 2020
--- Copying files at Tue Mar 24 10:09:36 UTC 2020
--- Copying files at Tue Mar 24 11:58:02 UTC 2020
--- Copying files at Tue Mar 24 12:43:21 UTC 2020
--- Copying files at Tue Mar 24 14:00:42 UTC 2020
--- Copying files at Tue Mar 24 15:18:58 UTC 2020
--- Copying files at Tue Mar 24 16:33:05 UTC 2020
--- Copying files at Wed Mar 25 14:43:44 UTC 2020
--- Copying files at Wed Mar 25 14:44:40 UTC 2020
--- Copying files at Wed Mar 25 14:48:18 UTC 2020
--- Copying files at Wed Mar 25 14:48:59 UTC 2020
--- Copying files at Wed Mar 25 15:10:56 UTC 2020
--- Copying files at Wed Mar 25 18:07:20 UTC 2020
--- Copying files at Wed Mar 25 18:18:18 UTC 2020
--- Copying files at Wed Mar 25 18:22:06 UTC 2020
--- Copying files at Wed Mar 25 18:22:35 UTC 2020
--- Copying files at Wed Mar 25 18:26:12 UTC 2020
--- Copying files at Wed Mar 25 19:29:16 UTC 2020
--- Copying files at Wed Mar 25 19:30:47 UTC 2020
--- Copying files at Wed Mar 25 19:36:25 UTC 2020
--- Copying files at Wed Mar 25 20:54:01 UTC 2020
--- Copying files at Thu Mar 26 08:01:39 UTC 2020
--- Copying files at Thu Mar 26 11:47:45 UTC 2020
--- Copying files at Thu Mar 26 11:50:35 UTC 2020
--- Copying files at Thu Mar 26 11:59:07 UTC 2020
--- Copying files at Thu Mar 26 12:14:22 UTC 2020
--- Copying files at Thu Mar 26 12:22:05 UTC 2020
--- Copying files at Fri Mar 27 09:19:50 UTC 2020
--- Copying files at Fri Mar 27 10:16:21 UTC 2020
--- Copying files at Fri Mar 27 10:25:13 UTC 2020
--- Copying files at Fri Mar 27 10:34:40 UTC 2020
--- Copying files at Fri Mar 27 10:40:26 UTC 2020
--- Copying files at Fri Mar 27 10:53:47 UTC 2020
--- Copying files at Sat Mar 28 19:00:26 UTC 2020
--- Copying files at Sat Mar 28 19:49:00 UTC 2020
--- Copying files at Sun Mar 29 10:09:03 UTC 2020
--- Copying files at Sun Mar 29 11:05:05 UTC 2020
--- Copying files at Sun Mar 29 11:16:05 UTC 2020
--- Copying files at Thu Apr  9 10:07:51 UTC 2020
--- Copying files at Thu Apr  9 10:16:28 UTC 2020
--- Copying files at Tue Apr 14 10:29:01 UTC 2020
--- Copying files at Tue Apr 14 10:34:50 UTC 2020
--- Copying files at Tue Apr 14 10:45:59 UTC 2020
--- Copying files at Wed Apr 15 18:24:32 UTC 2020
--- Copying files at Wed Apr 22 10:15:37 UTC 2020
--- Copying files at Fri Apr 24 13:43:25 UTC 2020
--- Copying files at Mon Apr 27 11:34:58 UTC 2020
--- Copying files at Fri May  8 16:36:25 UTC 2020
--- Copying files at Wed May 13 11:49:15 UTC 2020
--- Copying files at Wed Sep 16 16:46:02 UTC 2020
--- Copying files at Wed 05 May 2021 12:30:58 PM UTC
