2020-04-22 09:37:18,601 [AUDIT] Token created by 'anonymous': tokenId='61482148-d819-4796-87db-3e51b0e9654c', issuer='jfrou@01e6gkz5mj75e8whsva5r4rjc6', subject='jfrou@01e6gkz5mj75e8whsva5r4rjc6', expiry=none, refreshable=false
2020-04-22 09:37:21,874 [AUDIT] Token created by 'anonymous': tokenId='7dcc8ddb-b476-42ed-9124-0a7e8a50b015', issuer='jfac@01e6gkyy91wa2f00f3fdsf0gme', subject='jfac@01e6gkyy91wa2f00f3fdsf0gme', expiry=1587548361861, refreshable=false
2020-04-22 09:37:22,036 [AUDIT] Token created by 'anonymous': tokenId='4c0e94db-a87e-4291-95b1-bf4cbaebd04f', issuer='jfac@01e6gkyy91wa2f00f3fdsf0gme', subject='jfac@01e6gkyy91wa2f00f3fdsf0gme', expiry=1587548362028, refreshable=false
2020-04-22 09:37:22,362 [AUDIT] Token created by 'anonymous': tokenId='9ab679d8-4190-40e8-a88b-583f03edce45', issuer='jfac@01e6gkyy91wa2f00f3fdsf0gme', subject='jfac@01e6gkyy91wa2f00f3fdsf0gme', expiry=1587548362263, refreshable=false
2020-04-22 09:37:22,797 [AUDIT] Token created by 'anonymous': tokenId='644f20ba-fc47-476c-90e1-b489a8ca26cd', issuer='jfac@01e6gkyy91wa2f00f3fdsf0gme', subject='jfac@01e6gkyy91wa2f00f3fdsf0gme', expiry=1587548362792, refreshable=false
2020-04-22 09:37:22,985 [AUDIT] Token created by 'anonymous': tokenId='a3726ff7-a4fb-4d1a-835f-ae3f3b6bce04', issuer='jfmd@01e6gkz74qm614k82x689eq128', subject='jfmd@01e6gkz74qm614k82x689eq128', expiry=none, refreshable=false
2020-04-22 09:37:23,610 [AUDIT] Token created by 'anonymous': tokenId='23e485f0-c987-45e0-ab61-506b3d986011', issuer='jfac@01e6gkyy91wa2f00f3fdsf0gme', subject='jfac@01e6gkyy91wa2f00f3fdsf0gme', expiry=1587548363604, refreshable=false
2020-04-22 09:37:24,366 [AUDIT] Token created by 'anonymous': tokenId='47d176c4-1027-4c04-9c13-a8293e02ff3e', issuer='jfrt@01e6gkzhtba2gz14rj5jrj009s', subject='jfrt@01e6gkzhtba2gz14rj5jrj009s', expiry=none, refreshable=false
2020-04-22 09:37:25,707 [AUDIT] Token created by 'jfrt@01e6gkzhtba2gz14rj5jrj009s': tokenId='138abe9f-60de-4afb-9c54-f08edcd82a26', issuer='jfrt@01e6gkzhtba2gz14rj5jrj009s', subject='jfrt@01e6gkzhtba2gz14rj5jrj009s', expiry=2533628245703, refreshable=false
2020-04-22 09:37:32,384 [AUDIT] Token created by 'anonymous': tokenId='b688571a-348b-4c68-9607-2057344f203d', issuer='jffe@000', subject='jffe@000', expiry=none, refreshable=false
2020-04-22 09:37:32,438 [AUDIT] Token created by 'jffe@000': tokenId='bdd05506-4aa8-4718-8ddb-ff7616726a31', issuer='jffe@000', subject='jffe@000', expiry=1587548852433, refreshable=false
2020-04-22 09:37:41,231 [AUDIT] Token created by 'jffe@000': tokenId='c3e0f9b3-d688-4193-b303-c85b1d47e756', issuer='jffe@000', subject='jffe@000/users/anonymous', expiry=1587548861222, refreshable=false
2020-04-22 09:37:41,240 [AUDIT] Token created by 'jffe@000': tokenId='07d6fbc3-fb8b-46f6-83d3-a8a5527885a3', issuer='jffe@000', subject='jffe@000/users/anonymous', expiry=1587548861224, refreshable=false
2020-04-22 09:37:41,407 [AUDIT] Token created by 'jffe@000': tokenId='aac22798-4d1c-4d26-a4d1-6e5028de9060', issuer='jffe@000', subject='jffe@000/users/anonymous', expiry=1587548861399, refreshable=false
2020-04-22 09:37:41,416 [AUDIT] Token created by 'jffe@000': tokenId='d59fbf4f-3ce6-4030-b4de-2f876ac2cebf', issuer='jffe@000', subject='jffe@000/users/anonymous', expiry=1587548861410, refreshable=false
2020-04-22 09:37:47,628 [AUDIT] Token created by 'jffe@000': tokenId='3d9f10af-0b13-495c-8196-8f69773957fd', issuer='jffe@000', subject='admin', expiry=1587550067619, refreshable=true
2020-04-22 09:37:47,752 [AUDIT] Token created by 'jffe@000': tokenId='10c62e9d-2d5b-4816-815e-c519d52853cc', issuer='jffe@000', subject='jffe@000/users/admin', expiry=1587548867749, refreshable=false
2020-04-22 09:37:47,773 [AUDIT] Token created by 'jffe@000': tokenId='7b406360-7e61-4a21-8942-f67822feed46', issuer='jffe@000', subject='jffe@000/users/admin', expiry=1587548867761, refreshable=false
2020-04-22 09:38:16,536 [AUDIT] Token created by 'jffe@000': tokenId='e4c88b95-b8cd-4bfb-9a6d-fb3c12798e15', issuer='jffe@000', subject='jffe@000/users/admin', expiry=1587548896527, refreshable=false
2020-04-22 09:47:34,938 [AUDIT] Token created by 'jffe@000': tokenId='bce263f6-e1e2-4068-8e55-e11bec448f28', issuer='jffe@000', subject='jffe@000', expiry=1587549454937, refreshable=false
2020-04-22 09:47:34,945 [AUDIT] Token created by 'jffe@000': tokenId='fb9c6ef7-0d3c-4755-8502-2afc3f633ce5', issuer='jffe@000', subject='jffe@000', expiry=1587549454943, refreshable=false
2020-04-22 09:47:34,954 [AUDIT] Token created by 'jffe@000': tokenId='07bda1d4-9f8f-4ade-ae0a-008efbd0dcfb', issuer='jffe@000', subject='jffe@000', expiry=1587549454941, refreshable=false
2020-04-22 09:47:34,958 [AUDIT] Token created by 'jffe@000': tokenId='d188c959-3642-4bcc-9db0-6935cb88d2f6', issuer='jffe@000', subject='jffe@000', expiry=1587549454944, refreshable=false
2020-04-22 09:47:47,826 [AUDIT] Token created by 'jffe@000': tokenId='10872aab-f177-4465-b76e-9baad4012cd8', issuer='jffe@000', subject='jffe@000/users/admin', expiry=1587549467825, refreshable=false
2020-04-22 09:57:34,989 [AUDIT] Token created by 'jffe@000': tokenId='85176994-ac91-4df6-9937-eac46c3c7610', issuer='jffe@000', subject='jffe@000', expiry=1587550054984, refreshable=false
2020-04-22 09:57:34,992 [AUDIT] Token created by 'jffe@000': tokenId='d400fc49-83e6-452c-b6d7-0d70132a565f', issuer='jffe@000', subject='jffe@000', expiry=1587550054986, refreshable=false
2020-04-22 09:57:35,000 [AUDIT] Token created by 'jffe@000': tokenId='bc889c91-28bc-4dc2-9ca8-3910b182dd0c', issuer='jffe@000', subject='jffe@000', expiry=1587550054986, refreshable=false
2020-04-22 09:57:35,026 [AUDIT] Token created by 'jffe@000': tokenId='5c064217-df72-4a20-a5ca-506af65ef95c', issuer='jffe@000', subject='jffe@000', expiry=1587550054988, refreshable=false
2020-04-22 09:57:47,953 [AUDIT] Token created by 'jffe@000': tokenId='340ed67f-5b7a-4b2f-9fdf-e32bc1cd055f', issuer='jffe@000', subject='jffe@000/users/admin', expiry=1587550067948, refreshable=false
2020-04-22 10:02:15,896 [AUDIT] Token refreshed by 'jffe@000': oldTokenId='3d9f10af-0b13-495c-8196-8f69773957fd', tokenId='fd009120-7b9d-4348-b5b6-93e5ae962e60', issuer='jffe@000', subject='admin', expiry=1587551535871, refreshable=true
2020-04-22 10:07:35,021 [AUDIT] Token created by 'jffe@000': tokenId='ca5ec012-f25b-411e-8aaa-54def9dbd1ee', issuer='jffe@000', subject='jffe@000', expiry=1587550655014, refreshable=false
2020-04-22 10:07:35,026 [AUDIT] Token created by 'jffe@000': tokenId='bfcdcfcf-e53a-4185-ac6a-f0e46d797e78', issuer='jffe@000', subject='jffe@000', expiry=1587550655015, refreshable=false
2020-04-22 10:07:35,029 [AUDIT] Token created by 'jffe@000': tokenId='773f87f0-f4d4-4730-80f8-9832f8d32621', issuer='jffe@000', subject='jffe@000', expiry=1587550655016, refreshable=false
2020-04-22 10:07:35,043 [AUDIT] Token created by 'jffe@000': tokenId='a8317ffd-f6d2-4b44-a060-b4b4fcd23948', issuer='jffe@000', subject='jffe@000', expiry=1587550655015, refreshable=false
2020-04-22 10:07:48,006 [AUDIT] Token created by 'jffe@000': tokenId='83c73e64-ed42-4e45-beda-86143268c8b5', issuer='jffe@000', subject='jffe@000/users/admin', expiry=1587550668002, refreshable=false
2020-04-22 10:16:28,861 [AUDIT] Token created by 'anonymous': tokenId='c1894adc-b4c1-4cbe-b3d4-add7ca8a0ce2', issuer='jfrou@01e6gkz5mj75e8whsva5r4rjc6', subject='jfrou@01e6gkz5mj75e8whsva5r4rjc6', expiry=none, refreshable=false
2020-04-22 10:16:30,696 [AUDIT] Token created by 'anonymous': tokenId='27642022-036b-4e1c-b84c-83e345797a74', issuer='jfac@01e6gkyy91wa2f00f3fdsf0gme', subject='jfac@01e6gkyy91wa2f00f3fdsf0gme', expiry=1587550710692, refreshable=false
2020-04-22 10:16:30,838 [AUDIT] Token created by 'anonymous': tokenId='bcc8daf6-2679-4882-ae1c-911eaa5fdd44', issuer='jfac@01e6gkyy91wa2f00f3fdsf0gme', subject='jfac@01e6gkyy91wa2f00f3fdsf0gme', expiry=1587550710829, refreshable=false
2020-04-22 10:16:31,084 [AUDIT] Token created by 'anonymous': tokenId='f50c0e2b-2bbb-4532-b2c4-dabd22b5f294', issuer='jfac@01e6gkyy91wa2f00f3fdsf0gme', subject='jfac@01e6gkyy91wa2f00f3fdsf0gme', expiry=1587550711078, refreshable=false
2020-04-22 10:16:31,501 [AUDIT] Token created by 'anonymous': tokenId='092bed9a-58d2-4860-bb3f-16f56186ce2d', issuer='jfac@01e6gkyy91wa2f00f3fdsf0gme', subject='jfac@01e6gkyy91wa2f00f3fdsf0gme', expiry=1587550711497, refreshable=false
2020-04-22 10:16:32,419 [AUDIT] Token created by 'anonymous': tokenId='3fa12ae1-208b-443f-adef-ce3cca657145', issuer='jfmd@01e6gkz74qm614k82x689eq128', subject='jfmd@01e6gkz74qm614k82x689eq128', expiry=none, refreshable=false
2020-04-22 10:16:32,901 [AUDIT] Token created by 'anonymous': tokenId='d93f6368-d13d-4d70-996c-db97587a20bf', issuer='jfrt@01e6gkzhtba2gz14rj5jrj009s', subject='jfrt@01e6gkzhtba2gz14rj5jrj009s', expiry=none, refreshable=false
2020-04-22 10:16:35,357 [AUDIT] Token created by 'jfrt@01e6gkzhtba2gz14rj5jrj009s': tokenId='3214e709-e3fa-42ac-af39-83ee0f4ef386', issuer='jfrt@01e6gkzhtba2gz14rj5jrj009s', subject='jfrt@01e6gkzhtba2gz14rj5jrj009s', expiry=2533630595355, refreshable=false
2020-04-22 10:16:46,049 [AUDIT] Token created by 'anonymous': tokenId='cb260dba-a366-41f1-b9c6-270c306d528b', issuer='jffe@000', subject='jffe@000', expiry=none, refreshable=false
2020-04-22 10:16:46,116 [AUDIT] Token created by 'jffe@000': tokenId='903ae3cd-f809-4214-a516-b51972ce1039', issuer='jffe@000', subject='jffe@000', expiry=1587551206111, refreshable=false
2020-04-22 10:17:56,121 [AUDIT] Token created by 'jffe@000': tokenId='269c5010-d8b5-480b-9406-77d62387037b', issuer='jffe@000', subject='jffe@000/users/anonymous', expiry=1587551276115, refreshable=false
2020-04-22 10:17:56,379 [AUDIT] Token refreshed by 'jffe@000': oldTokenId='fd009120-7b9d-4348-b5b6-93e5ae962e60', tokenId='0aefafd7-d343-4a42-8f75-61d32c805347', issuer='jffe@000', subject='admin', expiry=1587552476334, refreshable=true
2020-04-22 10:17:56,379 [AUDIT] Token refreshed by 'jffe@000': oldTokenId='fd009120-7b9d-4348-b5b6-93e5ae962e60', tokenId='407d5725-3da5-4540-844e-9d0227aa9bfd', issuer='jffe@000', subject='admin', expiry=1587552476344, refreshable=true
2020-04-22 10:17:56,457 [AUDIT] Token created by 'jffe@000': tokenId='050248a3-e901-4095-b77a-3af5b5a17974', issuer='jffe@000', subject='jffe@000/users/admin', expiry=1587551276447, refreshable=false
2020-04-22 10:17:56,464 [AUDIT] Token created by 'jffe@000': tokenId='7c3b516b-3054-4d12-b59e-7c91f5c6e4ed', issuer='jffe@000', subject='jffe@000/users/admin', expiry=1587551276458, refreshable=false
2020-04-22 10:17:56,489 [AUDIT] Token created by 'jffe@000': tokenId='740ea37d-8c75-4502-be66-cf5b75e62b48', issuer='jffe@000', subject='jffe@000/users/admin', expiry=1587551276482, refreshable=false
2020-04-22 10:26:48,571 [AUDIT] Token created by 'jffe@000': tokenId='9edbcb40-cce1-4cc7-b29f-a0f07cb769b2', issuer='jffe@000', subject='jffe@000', expiry=1587551808567, refreshable=false
2020-04-22 10:26:48,574 [AUDIT] Token created by 'jffe@000': tokenId='e42c6336-a213-4a90-bfef-6e7991777ced', issuer='jffe@000', subject='jffe@000', expiry=1587551808569, refreshable=false
2020-04-22 10:26:48,600 [AUDIT] Token created by 'jffe@000': tokenId='278b96a6-f7cf-4ac5-819c-020af23a0fd8', issuer='jffe@000', subject='jffe@000', expiry=1587551808571, refreshable=false
2020-04-22 10:26:48,607 [AUDIT] Token created by 'jffe@000': tokenId='f606571b-b871-4cdd-89ac-4bcc2037ff39', issuer='jffe@000', subject='jffe@000', expiry=1587551808571, refreshable=false
2020-04-22 10:27:57,642 [AUDIT] Token created by 'jffe@000': tokenId='a64077f2-b440-452f-9ba2-8ee4f87e0d51', issuer='jffe@000', subject='jffe@000/users/admin', expiry=1587551877636, refreshable=false
2020-04-22 10:36:48,624 [AUDIT] Token created by 'jffe@000': tokenId='94e60256-9c30-4a38-abd6-bdd37a013d85', issuer='jffe@000', subject='jffe@000', expiry=1587552408620, refreshable=false
2020-04-22 10:36:48,627 [AUDIT] Token created by 'jffe@000': tokenId='56586f09-b140-46e5-be0c-f209bb072cac', issuer='jffe@000', subject='jffe@000', expiry=1587552408621, refreshable=false
2020-04-22 10:36:48,630 [AUDIT] Token created by 'jffe@000': tokenId='d072f019-98b8-4cfb-ab53-fb311aae6b8d', issuer='jffe@000', subject='jffe@000', expiry=1587552408620, refreshable=false
2020-04-22 10:36:48,638 [AUDIT] Token created by 'jffe@000': tokenId='25b8beed-0f86-41e7-bd87-5b05633c10b1', issuer='jffe@000', subject='jffe@000', expiry=1587552408622, refreshable=false
2020-04-22 10:37:57,701 [AUDIT] Token created by 'jffe@000': tokenId='0ad3ed04-2e19-49a9-91c2-c89176acbcfc', issuer='jffe@000', subject='jffe@000/users/admin', expiry=1587552477696, refreshable=false
2020-04-22 10:46:48,706 [AUDIT] Token created by 'jffe@000': tokenId='931098e4-70d8-4597-a5d9-e8b9f98ca960', issuer='jffe@000', subject='jffe@000', expiry=1587553008702, refreshable=false
2020-04-22 10:46:48,710 [AUDIT] Token created by 'jffe@000': tokenId='8942cc17-90f2-4319-a983-030e3182e160', issuer='jffe@000', subject='jffe@000', expiry=1587553008703, refreshable=false
2020-04-22 10:46:48,711 [AUDIT] Token created by 'jffe@000': tokenId='6724f616-0214-44dd-8413-c563605de880', issuer='jffe@000', subject='jffe@000', expiry=1587553008704, refreshable=false
2020-04-22 10:46:48,711 [AUDIT] Token created by 'jffe@000': tokenId='b23828fb-cb5b-41db-9d12-57588c36b9e3', issuer='jffe@000', subject='jffe@000', expiry=1587553008703, refreshable=false
2020-04-22 10:47:03,335 [AUDIT] Token refreshed by 'jffe@000': oldTokenId='0aefafd7-d343-4a42-8f75-61d32c805347', tokenId='24d7d254-9880-43de-aeb1-4c1b197c22d9', issuer='jffe@000', subject='admin', expiry=1587554223329, refreshable=true
2020-04-22 10:47:58,251 [AUDIT] Token created by 'jffe@000': tokenId='6b9c098b-4030-41eb-8402-4369c6d8b2cd', issuer='jffe@000', subject='jffe@000/users/admin', expiry=1587553078250, refreshable=false
2020-04-22 10:56:48,745 [AUDIT] Token created by 'jffe@000': tokenId='26849c62-89b1-41e5-9bb2-e4cf8b2956b1', issuer='jffe@000', subject='jffe@000', expiry=1587553608740, refreshable=false
2020-04-22 10:56:48,748 [AUDIT] Token created by 'jffe@000': tokenId='c971d97e-722e-4ecf-bb8b-8438c37472d4', issuer='jffe@000', subject='jffe@000', expiry=1587553608741, refreshable=false
2020-04-22 10:56:48,754 [AUDIT] Token created by 'jffe@000': tokenId='758d7d1b-e8ee-48ee-9577-ec727ada533d', issuer='jffe@000', subject='jffe@000', expiry=1587553608742, refreshable=false
2020-04-22 10:56:48,802 [AUDIT] Token created by 'jffe@000': tokenId='eae0dc4b-78e3-4e7c-b1e3-0596b002e3d4', issuer='jffe@000', subject='jffe@000', expiry=1587553608744, refreshable=false
2020-04-22 10:57:58,298 [AUDIT] Token created by 'jffe@000': tokenId='e2e96f92-c5de-4ac7-bca7-943add39f67c', issuer='jffe@000', subject='jffe@000/users/admin', expiry=1587553678293, refreshable=false
2020-04-24 13:44:16,629 [AUDIT] Token created by 'anonymous': tokenId='dcdaa1f5-642d-48be-9edb-97154d18835a', issuer='jfrou@01e6gkz5mj75e8whsva5r4rjc6', subject='jfrou@01e6gkz5mj75e8whsva5r4rjc6', expiry=none, refreshable=false
2020-04-24 13:44:21,512 [AUDIT] Token created by 'anonymous': tokenId='fe80bd72-c92b-4ef7-97f8-7352cfc88fc1', issuer='jfac@01e6gkyy91wa2f00f3fdsf0gme', subject='jfac@01e6gkyy91wa2f00f3fdsf0gme', expiry=1587735981507, refreshable=false
2020-04-24 13:44:21,936 [AUDIT] Token created by 'anonymous': tokenId='f551f496-b776-4a22-92b8-6cfcaa618191', issuer='jfmd@01e6gkz74qm614k82x689eq128', subject='jfmd@01e6gkz74qm614k82x689eq128', expiry=none, refreshable=false
2020-04-24 13:44:22,057 [AUDIT] Token created by 'anonymous': tokenId='d26248bb-742d-46ab-9637-b5f39ce65edc', issuer='jfrt@01e6gkzhtba2gz14rj5jrj009s', subject='jfrt@01e6gkzhtba2gz14rj5jrj009s', expiry=none, refreshable=false
2020-04-24 13:44:23,687 [AUDIT] Token created by 'jfrt@01e6gkzhtba2gz14rj5jrj009s': tokenId='6390395e-2a2b-42c9-bada-375990275828', issuer='jfrt@01e6gkzhtba2gz14rj5jrj009s', subject='jfrt@01e6gkzhtba2gz14rj5jrj009s', expiry=2533815863679, refreshable=false
2020-04-24 13:44:28,974 [AUDIT] Token created by 'anonymous': tokenId='16d58642-4e8a-47e8-b893-3e9c312c60c0', issuer='jffe@000', subject='jffe@000', expiry=none, refreshable=false
2020-04-24 13:44:29,023 [AUDIT] Token created by 'jffe@000': tokenId='29541ea0-1304-4c4d-9f28-7740a5b6620a', issuer='jffe@000', subject='jffe@000', expiry=1587736469020, refreshable=false
2020-04-27 11:35:53,778 [AUDIT] Token created by 'anonymous': tokenId='deb4ca52-4b02-41b7-bfea-a38f6c1db602', issuer='jfrou@01e6gkz5mj75e8whsva5r4rjc6', subject='jfrou@01e6gkz5mj75e8whsva5r4rjc6', expiry=none, refreshable=false
2020-04-27 11:36:00,464 [AUDIT] Token created by 'anonymous': tokenId='60486998-f60a-423b-af8e-3539524f3dfd', issuer='jfac@01e6gkyy91wa2f00f3fdsf0gme', subject='jfac@01e6gkyy91wa2f00f3fdsf0gme', expiry=1587987480459, refreshable=false
2020-04-27 11:36:00,960 [AUDIT] Token created by 'anonymous': tokenId='798aaddc-2377-400f-9693-38b15d333931', issuer='jfmd@01e6gkz74qm614k82x689eq128', subject='jfmd@01e6gkz74qm614k82x689eq128', expiry=none, refreshable=false
2020-04-27 11:36:01,035 [AUDIT] Token created by 'anonymous': tokenId='e673d638-6d0e-475b-8e7b-0a3d3d8ba795', issuer='jfrt@01e6gkzhtba2gz14rj5jrj009s', subject='jfrt@01e6gkzhtba2gz14rj5jrj009s', expiry=none, refreshable=false
2020-04-27 11:36:02,589 [AUDIT] Token created by 'jfrt@01e6gkzhtba2gz14rj5jrj009s': tokenId='6c3980f1-5d22-4ee1-8931-376362d3c4b3', issuer='jfrt@01e6gkzhtba2gz14rj5jrj009s', subject='jfrt@01e6gkzhtba2gz14rj5jrj009s', expiry=2534067362585, refreshable=false
2020-04-27 11:36:08,292 [AUDIT] Token created by 'anonymous': tokenId='d337a957-2772-40f2-a68b-b631d602ae51', issuer='jffe@000', subject='jffe@000', expiry=none, refreshable=false
2020-04-27 11:36:08,338 [AUDIT] Token created by 'jffe@000': tokenId='56514423-b246-432a-8aa4-bd9a61242140', issuer='jffe@000', subject='jffe@000', expiry=1587987968334, refreshable=false
2020-04-27 11:46:10,728 [AUDIT] Token created by 'jffe@000': tokenId='2089eaea-140f-4247-b999-36f34034c2e8', issuer='jffe@000', subject='jffe@000', expiry=1587988570727, refreshable=false
2020-04-27 11:46:10,737 [AUDIT] Token created by 'jffe@000': tokenId='80d2bf24-c607-4cd9-9563-253813413dbd', issuer='jffe@000', subject='jffe@000', expiry=1587988570727, refreshable=false
2020-04-27 11:46:10,753 [AUDIT] Token created by 'jffe@000': tokenId='4fc43712-5c81-4bd2-b15b-017a73358253', issuer='jffe@000', subject='jffe@000', expiry=1587988570746, refreshable=false
2020-04-27 11:46:10,759 [AUDIT] Token created by 'jffe@000': tokenId='9271af78-3556-44e3-8bd2-469ce8ebbbbd', issuer='jffe@000', subject='jffe@000', expiry=1587988570735, refreshable=false
2020-04-27 11:56:10,743 [AUDIT] Token created by 'jffe@000': tokenId='2f052eb5-7756-448a-86e2-23401013378f', issuer='jffe@000', subject='jffe@000', expiry=1587989170738, refreshable=false
2020-04-27 11:56:10,747 [AUDIT] Token created by 'jffe@000': tokenId='dca47c11-d553-4183-b2b8-fe8a779cee46', issuer='jffe@000', subject='jffe@000', expiry=1587989170739, refreshable=false
2020-04-27 11:56:10,753 [AUDIT] Token created by 'jffe@000': tokenId='27dc0d02-51a4-4856-9346-c53339f113fe', issuer='jffe@000', subject='jffe@000', expiry=1587989170739, refreshable=false
2020-04-27 11:56:10,763 [AUDIT] Token created by 'jffe@000': tokenId='27052f24-7b9f-4ce0-bdf3-735002642ea5', issuer='jffe@000', subject='jffe@000', expiry=1587989170745, refreshable=false
2020-05-08 16:37:53,667 [AUDIT] Token created by 'anonymous': tokenId='044fdbaf-7b97-4f3a-99f5-fe9bc7497d49', issuer='jfrou@01e6gkz5mj75e8whsva5r4rjc6', subject='jfrou@01e6gkz5mj75e8whsva5r4rjc6', expiry=none, refreshable=false
2020-05-08 16:38:00,977 [AUDIT] Token created by 'anonymous': tokenId='fa8d3e01-696e-4d66-adb9-067ae1a83ec3', issuer='jfac@01e6gkyy91wa2f00f3fdsf0gme', subject='jfac@01e6gkyy91wa2f00f3fdsf0gme', expiry=1588956000963, refreshable=false
2020-05-08 16:38:01,171 [AUDIT] Token created by 'anonymous': tokenId='e0fba5d0-34d2-4c2e-b408-4772c7a3352d', issuer='jfmd@01e6gkz74qm614k82x689eq128', subject='jfmd@01e6gkz74qm614k82x689eq128', expiry=none, refreshable=false
2020-05-08 16:38:01,854 [AUDIT] Token created by 'anonymous': tokenId='b46a645e-6b5b-4445-add8-9e804b831497', issuer='jfrt@01e6gkzhtba2gz14rj5jrj009s', subject='jfrt@01e6gkzhtba2gz14rj5jrj009s', expiry=none, refreshable=false
2020-05-08 16:38:03,919 [AUDIT] Token created by 'jfrt@01e6gkzhtba2gz14rj5jrj009s': tokenId='a141a795-e3d2-40e4-a946-ea089c9bd30a', issuer='jfrt@01e6gkzhtba2gz14rj5jrj009s', subject='jfrt@01e6gkzhtba2gz14rj5jrj009s', expiry=2535035883917, refreshable=false
2020-05-08 16:38:11,533 [AUDIT] Token created by 'anonymous': tokenId='1175882b-b180-45be-9956-376442883b71', issuer='jffe@000', subject='jffe@000', expiry=none, refreshable=false
2020-05-08 16:38:11,616 [AUDIT] Token created by 'jffe@000': tokenId='b2e6f524-7b6e-477a-823d-146fb4b1a348', issuer='jffe@000', subject='jffe@000', expiry=1588956491611, refreshable=false
2020-05-08 16:38:21,470 [AUDIT] Token created by 'jffe@000': tokenId='7b7474da-0004-4816-b547-f88d5cbd07bc', issuer='jffe@000', subject='jffe@000/users/anonymous', expiry=1588956501464, refreshable=false
2020-05-08 16:38:21,477 [AUDIT] Token created by 'jffe@000': tokenId='c935909e-e8a0-44af-84e8-d60bf0596446', issuer='jffe@000', subject='jffe@000/users/anonymous', expiry=1588956501465, refreshable=false
2020-05-08 16:38:27,043 [AUDIT] Token created by 'jffe@000': tokenId='74bf1b9e-c084-4b49-9308-63b2ade6444d', issuer='jffe@000', subject='admin', expiry=1588957707026, refreshable=true
2020-05-08 16:38:27,232 [AUDIT] Token created by 'jffe@000': tokenId='68144f64-e257-4e61-8582-cabcf4bb321d', issuer='jffe@000', subject='jffe@000/users/admin', expiry=1588956507227, refreshable=false
2020-05-08 16:38:27,262 [AUDIT] Token created by 'jffe@000': tokenId='75298d79-9a17-4892-8803-e441c78d74df', issuer='jffe@000', subject='jffe@000/users/admin', expiry=1588956507257, refreshable=false
2020-05-08 16:38:28,101 [AUDIT] Token created by 'jffe@000': tokenId='a402ad95-4e31-4dd5-b65a-b1f1bac7d59d', issuer='jffe@000', subject='jffe@000/users/admin', expiry=1588956508089, refreshable=false
2020-05-08 16:43:35,554 [AUDIT] Token refreshed by 'jffe@000': oldTokenId='74bf1b9e-c084-4b49-9308-63b2ade6444d', tokenId='3743e8f1-e105-487a-91b2-5dfdcfbf6596', issuer='jffe@000', subject='admin', expiry=1588958015515, refreshable=true
2020-05-08 16:43:35,565 [AUDIT] Token refreshed by 'jffe@000': oldTokenId='74bf1b9e-c084-4b49-9308-63b2ade6444d', tokenId='f10752f7-8721-4d24-9676-4280afaabca3', issuer='jffe@000', subject='admin', expiry=1588958015500, refreshable=true
2020-05-08 16:43:35,565 [AUDIT] Token refreshed by 'jffe@000': oldTokenId='74bf1b9e-c084-4b49-9308-63b2ade6444d', tokenId='2d210425-4c12-4d1e-a6ab-1f5b0fb8d250', issuer='jffe@000', subject='admin', expiry=1588958015518, refreshable=true
2020-05-08 16:43:35,565 [AUDIT] Token refreshed by 'jffe@000': oldTokenId='74bf1b9e-c084-4b49-9308-63b2ade6444d', tokenId='19028931-54fd-4429-b93b-9f4b5ef36a16', issuer='jffe@000', subject='admin', expiry=1588958015528, refreshable=true
2020-05-08 16:46:03,397 [AUDIT] Token created by 'jffe@000': tokenId='6eff0fe3-dc19-407c-8eeb-d06148c03761', issuer='jffe@000', subject='jffe@000/users/admin', expiry=1588956963394, refreshable=false
2020-05-08 16:46:27,213 [AUDIT] Token created by 'jffe@000': tokenId='94eee019-1910-4af6-9bc7-ecc86d32eb8d', issuer='jffe@000', subject='panda', expiry=1588958187210, refreshable=true
2020-05-08 16:46:27,317 [AUDIT] Token created by 'jffe@000': tokenId='31536a8b-6680-49b6-a7db-493bc9bac343', issuer='jffe@000', subject='jffe@000/users/panda', expiry=1588956987304, refreshable=false
2020-05-08 16:47:06,844 [AUDIT] Token created by 'jffe@000': tokenId='7534f076-22e0-4b66-ad8f-c9aeb92c582a', issuer='jffe@000', subject='admin', expiry=1588958226834, refreshable=true
2020-05-08 16:47:06,946 [AUDIT] Token created by 'jffe@000': tokenId='c74b15df-f9d8-461c-aa54-36dffe6ad2fa', issuer='jffe@000', subject='jffe@000/users/admin', expiry=1588957026942, refreshable=false
2020-05-08 16:47:06,975 [AUDIT] Token created by 'jffe@000': tokenId='d13b2ca4-bbec-4c60-9bbd-3e229b8e6481', issuer='jffe@000', subject='jffe@000/users/admin', expiry=1588957026946, refreshable=false
2020-05-08 16:47:07,478 [AUDIT] Token created by 'jffe@000': tokenId='fb33475c-1482-4d03-b4db-f7409dc7cf63', issuer='jffe@000', subject='jffe@000/users/admin', expiry=1588957027474, refreshable=false
2020-05-08 16:47:19,046 [AUDIT] Token created by 'jffe@000': tokenId='770e9256-7dda-45b9-9cdc-7eaec6373fdc', issuer='jffe@000', subject='jffe@000/users/admin', expiry=1588957039042, refreshable=false
2020-05-08 16:47:50,527 [AUDIT] Token created by 'jffe@000': tokenId='38cd3e12-ea17-4354-a4fe-9e5806d69757', issuer='jffe@000', subject='panda', expiry=1588958270523, refreshable=true
2020-05-08 16:47:50,632 [AUDIT] Token created by 'jffe@000': tokenId='c6e91790-9b63-4b9e-aed5-3e6af44b57b7', issuer='jffe@000', subject='jffe@000/users/panda', expiry=1588957070627, refreshable=false
2020-05-08 16:47:59,700 [AUDIT] Token created by 'jffe@000': tokenId='e10a127b-5bd6-406f-8d38-152184c230d1', issuer='jffe@000', subject='admin', expiry=1588958279691, refreshable=true
2020-05-08 16:47:59,802 [AUDIT] Token created by 'jffe@000': tokenId='383035de-59f1-4fd7-9434-af781a4c20d4', issuer='jffe@000', subject='jffe@000/users/admin', expiry=1588957079795, refreshable=false
2020-05-08 16:48:00,394 [AUDIT] Token created by 'jffe@000': tokenId='f2182685-ca7a-496b-8069-48148ccbbd26', issuer='jffe@000', subject='jffe@000/users/admin', expiry=1588957080390, refreshable=false
2020-05-08 16:48:07,291 [AUDIT] Token created by 'jffe@000': tokenId='3dd31bd7-6c0c-4427-9d7c-fe636e1bd741', issuer='jffe@000', subject='jffe@000/users/admin', expiry=1588957087283, refreshable=false
2020-05-08 16:48:14,211 [AUDIT] Token created by 'jffe@000': tokenId='b2d0ba2a-28e0-448f-8e68-050988341c45', issuer='jffe@000', subject='jffe@000', expiry=1588957094205, refreshable=false
2020-05-08 16:48:14,225 [AUDIT] Token created by 'jffe@000': tokenId='c24bbcf5-50d3-43d5-8864-84612a929b9d', issuer='jffe@000', subject='jffe@000', expiry=1588957094214, refreshable=false
2020-05-08 16:48:14,236 [AUDIT] Token created by 'jffe@000': tokenId='01d53bf1-3f5c-4766-b5ec-a0a3ef3a9363', issuer='jffe@000', subject='jffe@000', expiry=1588957094218, refreshable=false
2020-05-08 16:48:14,252 [AUDIT] Token created by 'jffe@000': tokenId='b364b1f8-1287-4b89-9876-e298b7376505', issuer='jffe@000', subject='jffe@000', expiry=1588957094218, refreshable=false
2020-05-08 16:50:00,251 [AUDIT] Token created by 'jffe@000': tokenId='6f0d1784-39d4-46bb-8a0b-09c6e143a384', issuer='jffe@000', subject='jffe@000/users/anonymous', expiry=1588957200245, refreshable=false
2020-05-08 16:50:06,526 [AUDIT] Token created by 'jffe@000': tokenId='cb42a27f-26a9-4ea0-8426-0041a4ed0c71', issuer='jffe@000', subject='panda', expiry=1588958406520, refreshable=true
2020-05-08 16:50:06,637 [AUDIT] Token created by 'jffe@000': tokenId='3f9a4a8b-183f-44a2-89e1-1b702c480878', issuer='jffe@000', subject='jffe@000/users/panda', expiry=1588957206631, refreshable=false
2020-05-08 16:50:35,923 [AUDIT] Token created by 'jffe@000': tokenId='e9e7674d-dfac-47df-885a-57b4c0e89ee9', issuer='jffe@000', subject='admin', expiry=1588958435913, refreshable=true
2020-05-08 16:50:36,022 [AUDIT] Token created by 'jffe@000': tokenId='1f804027-ca07-4965-864f-9feb300f05df', issuer='jffe@000', subject='jffe@000/users/admin', expiry=1588957236010, refreshable=false
2020-05-08 16:50:36,043 [AUDIT] Token created by 'jffe@000': tokenId='c0b234b0-22ac-4d55-84e1-334d01f8afb1', issuer='jffe@000', subject='jffe@000/users/admin', expiry=1588957236018, refreshable=false
2020-05-08 16:50:36,747 [AUDIT] Token created by 'jffe@000': tokenId='33d32764-b454-4366-9f93-6b4a214c59db', issuer='jffe@000', subject='jffe@000/users/admin', expiry=1588957236736, refreshable=false
2020-05-08 16:54:03,083 [AUDIT] Token created by 'jffe@000': tokenId='2d4dfba3-f77b-4963-8f85-5a3901dd466d', issuer='jffe@000', subject='jffe@000/users/admin', expiry=1588957443077, refreshable=false
2020-05-08 16:55:35,906 [AUDIT] Token refreshed by 'jffe@000': oldTokenId='e9e7674d-dfac-47df-885a-57b4c0e89ee9', tokenId='92049d83-cc8a-415d-a06a-241dca92899b', issuer='jffe@000', subject='admin', expiry=1588958735899, refreshable=true
2020-05-08 16:58:14,273 [AUDIT] Token created by 'jffe@000': tokenId='d5af502d-72dc-4e28-bb0b-ff5680755597', issuer='jffe@000', subject='jffe@000', expiry=1588957694264, refreshable=false
2020-05-08 16:58:14,286 [AUDIT] Token created by 'jffe@000': tokenId='e8b995c8-32a3-4e13-8c5d-83d22a853ca7', issuer='jffe@000', subject='jffe@000', expiry=1588957694271, refreshable=false
2020-05-08 16:58:14,306 [AUDIT] Token created by 'jffe@000': tokenId='f1e511e6-beb9-404d-aab8-5a151d694506', issuer='jffe@000', subject='jffe@000', expiry=1588957694286, refreshable=false
2020-05-08 16:58:14,337 [AUDIT] Token created by 'jffe@000': tokenId='db3afcbf-419f-4729-af9e-fedd9e06621e', issuer='jffe@000', subject='jffe@000', expiry=1588957694303, refreshable=false
2020-05-08 17:00:37,027 [AUDIT] Token refreshed by 'jffe@000': oldTokenId='92049d83-cc8a-415d-a06a-241dca92899b', tokenId='e0e4aef3-ff36-4ee8-807a-3f3f238e3dc0', issuer='jffe@000', subject='admin', expiry=1588959037018, refreshable=true
2020-05-08 17:00:37,101 [AUDIT] Token created by 'jffe@000': tokenId='ecb9cc1d-6783-4040-a684-2bbe36e3138f', issuer='jffe@000', subject='jffe@000/users/admin', expiry=1588957837089, refreshable=false
2020-05-08 17:02:32,642 [AUDIT] Token created by 'jffe@000': tokenId='4f647f2c-0152-4f50-895a-c0b133c104b7', issuer='jffe@000', subject='jffe@000/users/admin', expiry=1588957952640, refreshable=false
2020-05-08 17:08:14,270 [AUDIT] Token created by 'jffe@000': tokenId='40a2ee0c-98b9-4753-8464-106cacd594ff', issuer='jffe@000', subject='jffe@000', expiry=1588958294265, refreshable=false
2020-05-08 17:08:14,281 [AUDIT] Token created by 'jffe@000': tokenId='b0d0b095-c6d9-4ca8-9a4e-3e0e009540f6', issuer='jffe@000', subject='jffe@000', expiry=1588958294266, refreshable=false
2020-05-08 17:08:14,295 [AUDIT] Token created by 'jffe@000': tokenId='9b0a0d4d-284b-43fc-b1fd-bf2568aa3e44', issuer='jffe@000', subject='jffe@000', expiry=1588958294267, refreshable=false
2020-05-08 17:08:14,299 [AUDIT] Token created by 'jffe@000': tokenId='6ddb5408-885b-4b39-8fc4-c517899662e6', issuer='jffe@000', subject='jffe@000', expiry=1588958294288, refreshable=false
2020-05-08 17:10:57,943 [AUDIT] Token created by 'jffe@000': tokenId='e514ebd2-081a-43c5-9c5a-826a8adf729b', issuer='jffe@000', subject='jffe@000/users/admin', expiry=1588958457942, refreshable=false
2020-05-08 17:18:14,293 [AUDIT] Token created by 'jffe@000': tokenId='5b0e6bf8-4915-48bb-ae82-20eb2f6ea040', issuer='jffe@000', subject='jffe@000', expiry=1588958894288, refreshable=false
2020-05-08 17:18:14,297 [AUDIT] Token created by 'jffe@000': tokenId='82f6d23b-f36f-41c6-bf34-4c4041942381', issuer='jffe@000', subject='jffe@000', expiry=1588958894290, refreshable=false
2020-05-08 17:18:14,311 [AUDIT] Token created by 'jffe@000': tokenId='ea3848d7-8c46-4fa9-a003-df11407a57ec', issuer='jffe@000', subject='jffe@000', expiry=1588958894295, refreshable=false
2020-05-08 17:18:14,323 [AUDIT] Token created by 'jffe@000': tokenId='570a79b9-aba7-4417-9e3d-eda182b900a5', issuer='jffe@000', subject='jffe@000', expiry=1588958894290, refreshable=false
2020-05-08 17:20:57,984 [AUDIT] Token created by 'jffe@000': tokenId='ce83c4fd-c9d6-4840-9780-728da74c7fb1', issuer='jffe@000', subject='jffe@000/users/admin', expiry=1588959057956, refreshable=false
2020-05-08 17:28:14,327 [AUDIT] Token created by 'jffe@000': tokenId='fd1fd5cd-4c8c-4629-a3c8-be06bf152a6c', issuer='jffe@000', subject='jffe@000', expiry=1588959494323, refreshable=false
2020-05-08 17:28:14,331 [AUDIT] Token created by 'jffe@000': tokenId='c042809c-d213-46e8-8af7-d1a12c0095aa', issuer='jffe@000', subject='jffe@000', expiry=1588959494324, refreshable=false
2020-05-08 17:28:14,336 [AUDIT] Token created by 'jffe@000': tokenId='4cb99f1f-45f2-447f-980a-41aef82103bf', issuer='jffe@000', subject='jffe@000', expiry=1588959494324, refreshable=false
2020-05-08 17:28:14,364 [AUDIT] Token created by 'jffe@000': tokenId='68c75717-6409-4b1f-bf2f-2c4be17a5b1e', issuer='jffe@000', subject='jffe@000', expiry=1588959494325, refreshable=false
2020-05-08 17:30:57,999 [AUDIT] Token created by 'jffe@000': tokenId='b439b0d6-b6b2-4ec2-b08a-21dff73c369e', issuer='jffe@000', subject='jffe@000/users/admin', expiry=1588959657997, refreshable=false
2020-05-08 17:31:48,132 [AUDIT] Token created by 'jffe@000': tokenId='1dec46fe-50e7-44ed-95f5-905c44a7556e', issuer='jffe@000', subject='jffe@000/users/anonymous', expiry=1588959708131, refreshable=false
2020-05-08 17:37:42,861 [AUDIT] Token revoked by 'anonymous': tokenId='798aaddc-2377-400f-9693-38b15d333931', issuer='jfmd@01e6gkz74qm614k82x689eq128', subject='jfmd@01e6gkz74qm614k82x689eq128', expiry=none, refreshable=false
2020-05-08 17:37:42,879 [AUDIT] Token revoked by 'anonymous': tokenId='f551f496-b776-4a22-92b8-6cfcaa618191', issuer='jfmd@01e6gkz74qm614k82x689eq128', subject='jfmd@01e6gkz74qm614k82x689eq128', expiry=none, refreshable=false
2020-05-08 17:37:42,890 [AUDIT] Token revoked by 'anonymous': tokenId='cb260dba-a366-41f1-b9c6-270c306d528b', issuer='jffe@000', subject='jffe@000', expiry=none, refreshable=false
2020-05-08 17:37:42,900 [AUDIT] Token revoked by 'anonymous': tokenId='d26248bb-742d-46ab-9637-b5f39ce65edc', issuer='jfrt@01e6gkzhtba2gz14rj5jrj009s', subject='jfrt@01e6gkzhtba2gz14rj5jrj009s', expiry=none, refreshable=false
2020-05-08 17:37:42,909 [AUDIT] Token revoked by 'anonymous': tokenId='b688571a-348b-4c68-9607-2057344f203d', issuer='jffe@000', subject='jffe@000', expiry=none, refreshable=false
2020-05-08 17:37:42,919 [AUDIT] Token revoked by 'anonymous': tokenId='3fa12ae1-208b-443f-adef-ce3cca657145', issuer='jfmd@01e6gkz74qm614k82x689eq128', subject='jfmd@01e6gkz74qm614k82x689eq128', expiry=none, refreshable=false
2020-05-08 17:37:42,926 [AUDIT] Token revoked by 'anonymous': tokenId='47d176c4-1027-4c04-9c13-a8293e02ff3e', issuer='jfrt@01e6gkzhtba2gz14rj5jrj009s', subject='jfrt@01e6gkzhtba2gz14rj5jrj009s', expiry=none, refreshable=false
2020-05-08 17:37:42,932 [AUDIT] Token revoked by 'anonymous': tokenId='a3726ff7-a4fb-4d1a-835f-ae3f3b6bce04', issuer='jfmd@01e6gkz74qm614k82x689eq128', subject='jfmd@01e6gkz74qm614k82x689eq128', expiry=none, refreshable=false
2020-05-08 17:37:42,938 [AUDIT] Token revoked by 'anonymous': tokenId='d93f6368-d13d-4d70-996c-db97587a20bf', issuer='jfrt@01e6gkzhtba2gz14rj5jrj009s', subject='jfrt@01e6gkzhtba2gz14rj5jrj009s', expiry=none, refreshable=false
2020-05-08 17:37:42,953 [AUDIT] Token revoked by 'anonymous': tokenId='e673d638-6d0e-475b-8e7b-0a3d3d8ba795', issuer='jfrt@01e6gkzhtba2gz14rj5jrj009s', subject='jfrt@01e6gkzhtba2gz14rj5jrj009s', expiry=none, refreshable=false
2020-05-08 17:37:42,958 [AUDIT] Token revoked by 'anonymous': tokenId='16d58642-4e8a-47e8-b893-3e9c312c60c0', issuer='jffe@000', subject='jffe@000', expiry=none, refreshable=false
2020-05-08 17:37:42,962 [AUDIT] Token revoked by 'anonymous': tokenId='d337a957-2772-40f2-a68b-b631d602ae51', issuer='jffe@000', subject='jffe@000', expiry=none, refreshable=false
2020-05-08 17:38:14,353 [AUDIT] Token created by 'jffe@000': tokenId='55265953-9163-4173-a222-2159d061dda6', issuer='jffe@000', subject='jffe@000', expiry=1588960094344, refreshable=false
2020-05-08 17:38:14,358 [AUDIT] Token created by 'jffe@000': tokenId='2b640e28-63f6-4861-a007-5d9ef913b08a', issuer='jffe@000', subject='jffe@000', expiry=1588960094349, refreshable=false
2020-05-08 17:38:14,367 [AUDIT] Token created by 'jffe@000': tokenId='c4cd9c35-bb54-4c62-b746-6c6f6c94a053', issuer='jffe@000', subject='jffe@000', expiry=1588960094350, refreshable=false
2020-05-08 17:38:14,369 [AUDIT] Token created by 'jffe@000': tokenId='972f5fad-d276-4976-a42c-ccd84c6ec920', issuer='jffe@000', subject='jffe@000', expiry=1588960094351, refreshable=false
2020-05-08 17:41:48,023 [AUDIT] Token created by 'jffe@000': tokenId='a1426de7-d521-4b71-b8ef-f20eeaeb54af', issuer='jffe@000', subject='jffe@000/users/anonymous', expiry=1588960308014, refreshable=false
2020-05-08 17:48:14,404 [AUDIT] Token created by 'jffe@000': tokenId='33e87bfe-f92d-4c39-a666-2d7c7d0982a2', issuer='jffe@000', subject='jffe@000', expiry=1588960694396, refreshable=false
2020-05-08 17:48:14,406 [AUDIT] Token created by 'jffe@000': tokenId='ba56c7b5-9574-4af4-84dc-5f6b20ac9625', issuer='jffe@000', subject='jffe@000', expiry=1588960694397, refreshable=false
2020-05-08 17:48:14,414 [AUDIT] Token created by 'jffe@000': tokenId='1b16525d-382b-4ff5-af75-2e2a2f758c99', issuer='jffe@000', subject='jffe@000', expiry=1588960694397, refreshable=false
2020-05-08 17:48:14,426 [AUDIT] Token created by 'jffe@000': tokenId='76c09d17-6d40-4fa0-ab09-a5464c01692c', issuer='jffe@000', subject='jffe@000', expiry=1588960694398, refreshable=false
2020-05-08 17:51:48,046 [AUDIT] Token created by 'jffe@000': tokenId='d2813e9d-5cf5-46df-9e7f-991fadf0fb53', issuer='jffe@000', subject='jffe@000/users/anonymous', expiry=1588960908035, refreshable=false
2020-05-08 17:58:14,431 [AUDIT] Token created by 'jffe@000': tokenId='959ddd5b-06fa-4780-8f86-496825821220', issuer='jffe@000', subject='jffe@000', expiry=1588961294427, refreshable=false
2020-05-08 17:58:14,439 [AUDIT] Token created by 'jffe@000': tokenId='bf1b7edc-a995-4e6c-a96b-162a660503fa', issuer='jffe@000', subject='jffe@000', expiry=1588961294427, refreshable=false
2020-05-08 17:58:14,447 [AUDIT] Token created by 'jffe@000': tokenId='f66464c3-895b-4315-a2a9-5a54ff51c931', issuer='jffe@000', subject='jffe@000', expiry=1588961294429, refreshable=false
2020-05-08 17:58:14,447 [AUDIT] Token created by 'jffe@000': tokenId='06d4cb20-ca97-46cb-a397-7e8a24ba07a3', issuer='jffe@000', subject='jffe@000', expiry=1588961294430, refreshable=false
2020-05-08 18:01:48,084 [AUDIT] Token created by 'jffe@000': tokenId='e7b6a268-a0ef-49a4-bcf0-8c509af2687b', issuer='jffe@000', subject='jffe@000/users/anonymous', expiry=1588961508080, refreshable=false
2020-05-08 18:08:14,474 [AUDIT] Token created by 'jffe@000': tokenId='e313ece0-dd28-44b3-8213-5cc9420096e6', issuer='jffe@000', subject='jffe@000', expiry=1588961894468, refreshable=false
2020-05-08 18:08:14,476 [AUDIT] Token created by 'jffe@000': tokenId='78dce8a4-a9c8-4a7b-9803-656a764886f1', issuer='jffe@000', subject='jffe@000', expiry=1588961894469, refreshable=false
2020-05-08 18:08:14,479 [AUDIT] Token created by 'jffe@000': tokenId='270ad5c4-0594-4ecd-9c62-815fb589d211', issuer='jffe@000', subject='jffe@000', expiry=1588961894471, refreshable=false
2020-05-08 18:08:14,480 [AUDIT] Token created by 'jffe@000': tokenId='5d02a086-65a0-4a7f-bd6c-8e6c72b7c2f4', issuer='jffe@000', subject='jffe@000', expiry=1588961894469, refreshable=false
2020-05-08 18:11:48,126 [AUDIT] Token created by 'jffe@000': tokenId='b8d1a788-dcc9-4b5f-8b1a-79ab01610ae9', issuer='jffe@000', subject='jffe@000/users/anonymous', expiry=1588962108122, refreshable=false
2020-05-08 18:18:14,545 [AUDIT] Token created by 'jffe@000': tokenId='bcd10ffc-1b4b-4517-b405-e5ce0badd2a3', issuer='jffe@000', subject='jffe@000', expiry=1588962494528, refreshable=false
2020-05-08 18:18:14,559 [AUDIT] Token created by 'jffe@000': tokenId='359e1f61-84db-40c1-90e4-6406eb8df3e7', issuer='jffe@000', subject='jffe@000', expiry=1588962494532, refreshable=false
2020-05-08 18:18:14,569 [AUDIT] Token created by 'jffe@000': tokenId='99d29b34-549b-447a-8718-c113a2c59c48', issuer='jffe@000', subject='jffe@000', expiry=1588962494532, refreshable=false
2020-05-08 18:18:14,574 [AUDIT] Token created by 'jffe@000': tokenId='12bf97d3-2713-4d3e-bcc5-5d845fc5c85c', issuer='jffe@000', subject='jffe@000', expiry=1588962494531, refreshable=false
2020-05-08 18:21:48,165 [AUDIT] Token created by 'jffe@000': tokenId='06a24bcb-14e9-49fe-85f1-fa8dd2154622', issuer='jffe@000', subject='jffe@000/users/anonymous', expiry=1588962708162, refreshable=false
2020-05-08 18:28:14,589 [AUDIT] Token created by 'jffe@000': tokenId='41e6e25a-4da7-4566-bd39-04fffa54f8a9', issuer='jffe@000', subject='jffe@000', expiry=1588963094574, refreshable=false
2020-05-08 18:28:14,607 [AUDIT] Token created by 'jffe@000': tokenId='13e12004-6b41-4d08-9043-b13cd7bec52e', issuer='jffe@000', subject='jffe@000', expiry=1588963094575, refreshable=false
2020-05-08 18:28:14,610 [AUDIT] Token created by 'jffe@000': tokenId='0993477e-bd23-40b5-8d75-073f5339de36', issuer='jffe@000', subject='jffe@000', expiry=1588963094577, refreshable=false
2020-05-08 18:28:14,620 [AUDIT] Token created by 'jffe@000': tokenId='a3be5318-33cb-4e2e-9f33-f9d737dcb215', issuer='jffe@000', subject='jffe@000', expiry=1588963094576, refreshable=false
2020-05-08 18:31:48,178 [AUDIT] Token created by 'jffe@000': tokenId='ccca7ed9-1510-4c74-83e8-cfde2fc40dc5', issuer='jffe@000', subject='jffe@000/users/anonymous', expiry=1588963308173, refreshable=false
2020-05-08 18:38:14,616 [AUDIT] Token created by 'jffe@000': tokenId='8655d0a9-d471-4d9b-a403-33a5411d6a05', issuer='jffe@000', subject='jffe@000', expiry=1588963694610, refreshable=false
2020-05-08 18:38:14,617 [AUDIT] Token created by 'jffe@000': tokenId='d41c70bb-0998-47e2-a0f2-23b3b10806c3', issuer='jffe@000', subject='jffe@000', expiry=1588963694611, refreshable=false
2020-05-08 18:38:14,619 [AUDIT] Token created by 'jffe@000': tokenId='5c9c4b9c-abd9-4eff-a733-72df396a0fa4', issuer='jffe@000', subject='jffe@000', expiry=1588963694611, refreshable=false
2020-05-08 18:38:14,624 [AUDIT] Token created by 'jffe@000': tokenId='832d0292-ed44-4c80-a946-3ef3449a5f9a', issuer='jffe@000', subject='jffe@000', expiry=1588963694612, refreshable=false
2020-05-08 18:41:48,210 [AUDIT] Token created by 'jffe@000': tokenId='4b55da4f-9473-41c6-a25e-d9a18045a6c9', issuer='jffe@000', subject='jffe@000/users/anonymous', expiry=1588963908207, refreshable=false
2020-05-08 18:48:14,655 [AUDIT] Token created by 'jffe@000': tokenId='1bf0733f-8540-4b13-b396-55594f36bd87', issuer='jffe@000', subject='jffe@000', expiry=1588964294651, refreshable=false
2020-05-08 18:48:14,661 [AUDIT] Token created by 'jffe@000': tokenId='76606443-1d0f-41a5-bd16-d9fe67286301', issuer='jffe@000', subject='jffe@000', expiry=1588964294653, refreshable=false
2020-05-08 18:48:14,670 [AUDIT] Token created by 'jffe@000': tokenId='706008a5-ceef-4f55-8b68-09f850ee4a56', issuer='jffe@000', subject='jffe@000', expiry=1588964294654, refreshable=false
2020-05-08 18:48:14,674 [AUDIT] Token created by 'jffe@000': tokenId='06ce9b0b-f630-4a9c-bf73-249b958744b0', issuer='jffe@000', subject='jffe@000', expiry=1588964294654, refreshable=false
2020-05-08 18:51:48,236 [AUDIT] Token created by 'jffe@000': tokenId='a149ce6d-aab9-49f0-9fe8-fc1d972324b4', issuer='jffe@000', subject='jffe@000/users/anonymous', expiry=1588964508232, refreshable=false
2020-05-08 18:58:14,691 [AUDIT] Token created by 'jffe@000': tokenId='919c5eaf-4d6b-4b66-814e-3c0792acaefd', issuer='jffe@000', subject='jffe@000', expiry=1588964894687, refreshable=false
2020-05-08 18:58:14,693 [AUDIT] Token created by 'jffe@000': tokenId='a04dc428-31c8-41a9-893e-88414e13c070', issuer='jffe@000', subject='jffe@000', expiry=1588964894687, refreshable=false
2020-05-08 18:58:14,710 [AUDIT] Token created by 'jffe@000': tokenId='965e1e43-0c76-46b7-8c13-d9f51e66c058', issuer='jffe@000', subject='jffe@000', expiry=1588964894689, refreshable=false
2020-05-08 18:58:14,721 [AUDIT] Token created by 'jffe@000': tokenId='3a66fc98-709d-4e1e-acba-29a065755ef3', issuer='jffe@000', subject='jffe@000', expiry=1588964894689, refreshable=false
2020-05-08 19:01:48,272 [AUDIT] Token created by 'jffe@000': tokenId='dc7e1e7a-504b-4514-acfe-46e8f8be3f13', issuer='jffe@000', subject='jffe@000/users/anonymous', expiry=1588965108268, refreshable=false
2020-05-08 19:08:14,734 [AUDIT] Token created by 'jffe@000': tokenId='cca113db-3b11-486e-8ba9-7c26741961c8', issuer='jffe@000', subject='jffe@000', expiry=1588965494729, refreshable=false
2020-05-08 19:08:14,736 [AUDIT] Token created by 'jffe@000': tokenId='a150dd64-124e-45d6-8a43-8fd4e05fc5a0', issuer='jffe@000', subject='jffe@000', expiry=1588965494729, refreshable=false
2020-05-08 19:08:14,754 [AUDIT] Token created by 'jffe@000': tokenId='8964821e-cd24-42d8-9266-6704487a7be7', issuer='jffe@000', subject='jffe@000', expiry=1588965494730, refreshable=false
2020-05-08 19:08:14,791 [AUDIT] Token created by 'jffe@000': tokenId='a489d460-6c9c-4b3c-89ec-672394d5489e', issuer='jffe@000', subject='jffe@000', expiry=1588965494768, refreshable=false
2020-05-08 19:11:48,294 [AUDIT] Token created by 'jffe@000': tokenId='a3e6d21b-8460-4556-ba65-d1f393696b00', issuer='jffe@000', subject='jffe@000/users/anonymous', expiry=1588965708291, refreshable=false
2020-05-08 19:18:14,781 [AUDIT] Token created by 'jffe@000': tokenId='42d7f909-07e1-4219-98a0-db4c0cbc3c95', issuer='jffe@000', subject='jffe@000', expiry=1588966094774, refreshable=false
2020-05-08 19:18:14,783 [AUDIT] Token created by 'jffe@000': tokenId='0cd32681-c916-4731-ab00-193ca8f6d8ff', issuer='jffe@000', subject='jffe@000', expiry=1588966094775, refreshable=false
2020-05-08 19:18:14,783 [AUDIT] Token created by 'jffe@000': tokenId='213d6f5f-e232-416a-9ba5-69bcda88bf00', issuer='jffe@000', subject='jffe@000', expiry=1588966094777, refreshable=false
2020-05-08 19:18:14,783 [AUDIT] Token created by 'jffe@000': tokenId='b6435fc2-b6dd-449f-a167-b1e61220d3d8', issuer='jffe@000', subject='jffe@000', expiry=1588966094776, refreshable=false
2020-05-08 19:21:48,339 [AUDIT] Token created by 'jffe@000': tokenId='08595069-0c52-4d58-9427-39f5df3e255b', issuer='jffe@000', subject='jffe@000/users/anonymous', expiry=1588966308327, refreshable=false
2020-05-08 19:28:14,865 [AUDIT] Token created by 'jffe@000': tokenId='562b818a-88ae-43f2-8443-cf0d30251126', issuer='jffe@000', subject='jffe@000', expiry=1588966694855, refreshable=false
2020-05-08 19:28:14,867 [AUDIT] Token created by 'jffe@000': tokenId='321e6aa2-5d58-4c50-9b80-3168e50fb314', issuer='jffe@000', subject='jffe@000', expiry=1588966694856, refreshable=false
2020-05-08 19:28:14,902 [AUDIT] Token created by 'jffe@000': tokenId='d0a7ecee-5913-4927-be6b-58bebbdf3fff', issuer='jffe@000', subject='jffe@000', expiry=1588966694896, refreshable=false
2020-05-08 19:28:14,941 [AUDIT] Token created by 'jffe@000': tokenId='2e5d1baf-289c-4a3b-ad3a-c59c4256b038', issuer='jffe@000', subject='jffe@000', expiry=1588966694931, refreshable=false
2020-05-08 19:31:48,365 [AUDIT] Token created by 'jffe@000': tokenId='64d6d98b-9738-4f51-8a30-3007e725c760', issuer='jffe@000', subject='jffe@000/users/anonymous', expiry=1588966908362, refreshable=false
2020-05-08 19:38:14,918 [AUDIT] Token created by 'jffe@000': tokenId='9e007aed-adb4-4cbe-ba61-957cb5978eaa', issuer='jffe@000', subject='jffe@000', expiry=1588967294913, refreshable=false
2020-05-08 19:38:14,933 [AUDIT] Token created by 'jffe@000': tokenId='17bea0f8-f461-4129-b90c-fc3faa9e7597', issuer='jffe@000', subject='jffe@000', expiry=1588967294930, refreshable=false
2020-05-08 19:38:14,937 [AUDIT] Token created by 'jffe@000': tokenId='ee2cf7f2-9968-4ebf-bc8a-05e6bef23883', issuer='jffe@000', subject='jffe@000', expiry=1588967294935, refreshable=false
2020-05-08 19:38:14,940 [AUDIT] Token created by 'jffe@000': tokenId='b14c61b6-bb21-47e5-8c3c-be1d942b3ca4', issuer='jffe@000', subject='jffe@000', expiry=1588967294931, refreshable=false
2020-05-08 19:41:48,388 [AUDIT] Token created by 'jffe@000': tokenId='e631e16d-7c65-4d5c-820c-6c6aa9c9d1c9', issuer='jffe@000', subject='jffe@000/users/anonymous', expiry=1588967508382, refreshable=false
2020-05-08 19:48:14,945 [AUDIT] Token created by 'jffe@000': tokenId='eb6366e1-2569-4cff-a34d-f84e2ae1a435', issuer='jffe@000', subject='jffe@000', expiry=1588967894939, refreshable=false
2020-05-08 19:48:14,951 [AUDIT] Token created by 'jffe@000': tokenId='25a4db64-183b-4a81-9900-f34f8e995409', issuer='jffe@000', subject='jffe@000', expiry=1588967894941, refreshable=false
2020-05-08 19:48:14,955 [AUDIT] Token created by 'jffe@000': tokenId='bc3b3ebb-0b31-4717-9222-30da1cdcd322', issuer='jffe@000', subject='jffe@000', expiry=1588967894942, refreshable=false
2020-05-08 19:48:14,955 [AUDIT] Token created by 'jffe@000': tokenId='8dc7023f-bd78-4f41-91a8-aee35949301e', issuer='jffe@000', subject='jffe@000', expiry=1588967894941, refreshable=false
2020-05-08 19:51:48,414 [AUDIT] Token created by 'jffe@000': tokenId='ce6249b3-3791-48cd-8d8f-25ebb9b93d09', issuer='jffe@000', subject='jffe@000/users/anonymous', expiry=1588968108408, refreshable=false
2020-05-08 19:58:14,990 [AUDIT] Token created by 'jffe@000': tokenId='98c83638-8dc8-41f2-a0a9-827e9011cd9d', issuer='jffe@000', subject='jffe@000', expiry=1588968494986, refreshable=false
2020-05-08 19:58:15,007 [AUDIT] Token created by 'jffe@000': tokenId='3e8afe11-3a05-4261-abba-18149e48a1bf', issuer='jffe@000', subject='jffe@000', expiry=1588968495001, refreshable=false
2020-05-08 19:58:15,020 [AUDIT] Token created by 'jffe@000': tokenId='b648ee98-1a7b-4970-b6f9-df8a585016c0', issuer='jffe@000', subject='jffe@000', expiry=1588968495002, refreshable=false
2020-05-08 19:58:15,021 [AUDIT] Token created by 'jffe@000': tokenId='6e2fe22e-a5d8-43e9-9560-c4386323b090', issuer='jffe@000', subject='jffe@000', expiry=1588968495000, refreshable=false
2020-05-08 20:01:48,465 [AUDIT] Token created by 'jffe@000': tokenId='04c34e6a-d430-4864-9472-e11d382ac27c', issuer='jffe@000', subject='jffe@000/users/anonymous', expiry=1588968708461, refreshable=false
2020-05-08 20:08:15,053 [AUDIT] Token created by 'jffe@000': tokenId='4c094c71-bda3-4503-a35a-82b376c05e9a', issuer='jffe@000', subject='jffe@000', expiry=1588969095046, refreshable=false
2020-05-08 20:08:15,060 [AUDIT] Token created by 'jffe@000': tokenId='7223f31a-5b8d-4565-83b2-0265aa91059c', issuer='jffe@000', subject='jffe@000', expiry=1588969095048, refreshable=false
2020-05-08 20:08:15,061 [AUDIT] Token created by 'jffe@000': tokenId='14298ca5-63b8-493e-bdbc-46a742f78556', issuer='jffe@000', subject='jffe@000', expiry=1588969095051, refreshable=false
2020-05-08 20:08:15,065 [AUDIT] Token created by 'jffe@000': tokenId='85a352f5-0d4d-42e4-9bf0-97b006dfc9d0', issuer='jffe@000', subject='jffe@000', expiry=1588969095048, refreshable=false
2020-05-08 20:11:48,493 [AUDIT] Token created by 'jffe@000': tokenId='84082ec6-0b2d-4588-b709-85b39d8c08ca', issuer='jffe@000', subject='jffe@000/users/anonymous', expiry=1588969308489, refreshable=false
2020-05-08 20:18:15,118 [AUDIT] Token created by 'jffe@000': tokenId='fbb1b27c-f11d-49b4-9006-cd9c4c77b679', issuer='jffe@000', subject='jffe@000', expiry=1588969695113, refreshable=false
2020-05-08 20:18:15,125 [AUDIT] Token created by 'jffe@000': tokenId='8770d996-aaa0-4708-8128-495a244341e8', issuer='jffe@000', subject='jffe@000', expiry=1588969695114, refreshable=false
2020-05-08 20:18:15,149 [AUDIT] Token created by 'jffe@000': tokenId='f333aa8b-88ff-49a9-a695-f079fb59d832', issuer='jffe@000', subject='jffe@000', expiry=1588969695115, refreshable=false
2020-05-08 20:18:15,178 [AUDIT] Token created by 'jffe@000': tokenId='c6c44665-8fd2-4cec-aae0-ed0732de563f', issuer='jffe@000', subject='jffe@000', expiry=1588969695137, refreshable=false
2020-05-08 20:21:48,531 [AUDIT] Token created by 'jffe@000': tokenId='f1c0daa1-1fa4-4eef-ad52-ba89fa00d872', issuer='jffe@000', subject='jffe@000/users/anonymous', expiry=1588969908526, refreshable=false
2020-05-08 20:28:15,159 [AUDIT] Token created by 'jffe@000': tokenId='1e55e0ce-6381-42ea-96f1-7dc5557479af', issuer='jffe@000', subject='jffe@000', expiry=1588970295154, refreshable=false
2020-05-08 20:28:15,171 [AUDIT] Token created by 'jffe@000': tokenId='0bc8b7b2-6c9a-44f1-ab9f-953a72d04e38', issuer='jffe@000', subject='jffe@000', expiry=1588970295157, refreshable=false
2020-05-08 20:28:15,177 [AUDIT] Token created by 'jffe@000': tokenId='542ed786-101a-474a-a09d-1eeec70161ec', issuer='jffe@000', subject='jffe@000', expiry=1588970295171, refreshable=false
2020-05-08 20:28:15,194 [AUDIT] Token created by 'jffe@000': tokenId='95a594a1-2514-4ea6-930e-f2ae27c79120', issuer='jffe@000', subject='jffe@000', expiry=1588970295179, refreshable=false
2020-05-08 20:31:48,547 [AUDIT] Token created by 'jffe@000': tokenId='facad407-ec50-4786-bd77-f31506125ffa', issuer='jffe@000', subject='jffe@000/users/anonymous', expiry=1588970508544, refreshable=false
2020-05-08 20:38:15,197 [AUDIT] Token created by 'jffe@000': tokenId='b3275ab8-b4b9-4cfd-802a-7a5bc72c9a51', issuer='jffe@000', subject='jffe@000', expiry=1588970895191, refreshable=false
2020-05-08 20:38:15,199 [AUDIT] Token created by 'jffe@000': tokenId='9523be9b-0f97-43fb-946a-cff523a15be5', issuer='jffe@000', subject='jffe@000', expiry=1588970895191, refreshable=false
2020-05-08 20:38:15,200 [AUDIT] Token created by 'jffe@000': tokenId='1ca7faa6-f9c2-4af0-af30-42eb444d8e96', issuer='jffe@000', subject='jffe@000', expiry=1588970895192, refreshable=false
2020-05-08 20:38:15,201 [AUDIT] Token created by 'jffe@000': tokenId='f1ad6519-5659-4387-bc21-492771d223bf', issuer='jffe@000', subject='jffe@000', expiry=1588970895192, refreshable=false
2020-05-08 20:41:48,570 [AUDIT] Token created by 'jffe@000': tokenId='c37f3ce8-bc43-4037-9005-68a4b97a5d5a', issuer='jffe@000', subject='jffe@000/users/anonymous', expiry=1588971108567, refreshable=false
2020-05-08 20:48:15,234 [AUDIT] Token created by 'jffe@000': tokenId='b40ca777-4ee5-437a-82d7-4f223b07c7fe', issuer='jffe@000', subject='jffe@000', expiry=1588971495231, refreshable=false
2020-05-08 20:48:15,242 [AUDIT] Token created by 'jffe@000': tokenId='742beaa0-4103-4fdf-a993-7d8df5bd4df4', issuer='jffe@000', subject='jffe@000', expiry=1588971495231, refreshable=false
2020-05-08 20:48:15,245 [AUDIT] Token created by 'jffe@000': tokenId='9890da42-23b6-477a-a4f1-5c51caf80083', issuer='jffe@000', subject='jffe@000', expiry=1588971495232, refreshable=false
2020-05-08 20:48:15,245 [AUDIT] Token created by 'jffe@000': tokenId='72969b03-63be-4681-a6ea-a67ec596b91f', issuer='jffe@000', subject='jffe@000', expiry=1588971495232, refreshable=false
2020-05-13 09:48:27,685 [AUDIT] Token created by 'jffe@000': tokenId='bc5354a2-12f4-46dc-b2ab-f9633fae4696', issuer='jffe@000', subject='jffe@000/users/anonymous', expiry=1589363907680, refreshable=false
2020-05-13 09:48:29,317 [AUDIT] Token created by 'jffe@000': tokenId='00dc56d3-896a-4303-9920-dee15d121be7', issuer='jffe@000', subject='jffe@000', expiry=1589363909315, refreshable=false
2020-05-13 09:48:29,330 [AUDIT] Token created by 'jffe@000': tokenId='21fccee5-cac3-41fc-b1f8-64d5f02457b9', issuer='jffe@000', subject='jffe@000', expiry=1589363909327, refreshable=false
2020-05-13 09:48:29,335 [AUDIT] Token created by 'jffe@000': tokenId='3fcd5590-eac7-4625-87e5-b12c82e8513b', issuer='jffe@000', subject='jffe@000', expiry=1589363909332, refreshable=false
2020-05-13 09:48:29,351 [AUDIT] Token created by 'jffe@000': tokenId='1e2d6588-7329-41a1-bbb0-43a0fe87ec39', issuer='jffe@000', subject='jffe@000', expiry=1589363909332, refreshable=false
2020-05-13 09:58:27,710 [AUDIT] Token created by 'jffe@000': tokenId='acf8ce5a-3873-4605-b595-1e55ee0544ff', issuer='jffe@000', subject='jffe@000/users/anonymous', expiry=1589364507709, refreshable=false
2020-05-13 09:58:29,367 [AUDIT] Token created by 'jffe@000': tokenId='9e4ab245-8e22-4d50-a1e3-3a2c1f569216', issuer='jffe@000', subject='jffe@000', expiry=1589364509362, refreshable=false
2020-05-13 09:58:29,376 [AUDIT] Token created by 'jffe@000': tokenId='32e65059-add5-4376-8cc6-650884cfed40', issuer='jffe@000', subject='jffe@000', expiry=1589364509369, refreshable=false
2020-05-13 09:58:29,391 [AUDIT] Token created by 'jffe@000': tokenId='ebd6b06b-8ca0-4267-a3d3-2e57262b6afc', issuer='jffe@000', subject='jffe@000', expiry=1589364509382, refreshable=false
2020-05-13 09:58:29,407 [AUDIT] Token created by 'jffe@000': tokenId='47873bba-9e73-4db2-8d1a-4354e35d2cd9', issuer='jffe@000', subject='jffe@000', expiry=1589364509390, refreshable=false
2020-05-13 10:08:27,747 [AUDIT] Token created by 'jffe@000': tokenId='1396247d-116e-416a-8cb7-20cd960eabfe', issuer='jffe@000', subject='jffe@000/users/anonymous', expiry=1589365107743, refreshable=false
2020-05-13 10:08:29,400 [AUDIT] Token created by 'jffe@000': tokenId='63250b88-33ab-4e6b-aa1d-c6530d4ce950', issuer='jffe@000', subject='jffe@000', expiry=1589365109394, refreshable=false
2020-05-13 10:08:29,407 [AUDIT] Token created by 'jffe@000': tokenId='6d77daa1-c470-458f-a282-6640cc7a9792', issuer='jffe@000', subject='jffe@000', expiry=1589365109394, refreshable=false
2020-05-13 10:08:29,413 [AUDIT] Token created by 'jffe@000': tokenId='d3000893-b9a7-4835-8f77-195cb4036880', issuer='jffe@000', subject='jffe@000', expiry=1589365109396, refreshable=false
2020-05-13 10:08:29,413 [AUDIT] Token created by 'jffe@000': tokenId='e8059dc4-87f7-440e-af95-3fdb04c56acb', issuer='jffe@000', subject='jffe@000', expiry=1589365109395, refreshable=false
2020-05-13 11:50:10,115 [AUDIT] Token created by 'anonymous': tokenId='1a585608-c73d-4c33-9fd7-f513a42a5ae9', issuer='jfrou@01e6gkz5mj75e8whsva5r4rjc6', subject='jfrou@01e6gkz5mj75e8whsva5r4rjc6', expiry=none, refreshable=false
2020-05-13 11:50:15,796 [AUDIT] Token created by 'anonymous': tokenId='71df2a01-ab0e-41f7-b95b-47f08e20e730', issuer='jfac@01e6gkyy91wa2f00f3fdsf0gme', subject='jfac@01e6gkyy91wa2f00f3fdsf0gme', expiry=1589370735794, refreshable=false
2020-05-13 11:50:16,274 [AUDIT] Token created by 'anonymous': tokenId='c55906b7-0f37-438e-b708-e35a226dc7f1', issuer='jfrt@01e6gkzhtba2gz14rj5jrj009s', subject='jfrt@01e6gkzhtba2gz14rj5jrj009s', expiry=none, refreshable=false
2020-05-13 11:50:16,494 [AUDIT] Token created by 'anonymous': tokenId='6ebd20d8-6b42-41c0-95a4-ae73d6643e1e', issuer='jfmd@01e6gkz74qm614k82x689eq128', subject='jfmd@01e6gkz74qm614k82x689eq128', expiry=none, refreshable=false
2020-05-13 11:50:23,044 [AUDIT] Token created by 'anonymous': tokenId='b4937252-b374-42d0-9832-9464870382b2', issuer='jffe@000', subject='jffe@000', expiry=none, refreshable=false
2020-05-13 11:50:23,097 [AUDIT] Token created by 'jffe@000': tokenId='ac7a8224-0290-4b19-8f58-f7fc7edbc539', issuer='jffe@000', subject='jffe@000', expiry=1589371223094, refreshable=false
2020-05-13 11:52:17,528 [AUDIT] Token created by 'jfrt@01e6gkzhtba2gz14rj5jrj009s': tokenId='df7c4a05-c1fd-47ac-bc71-c7e7f288bd35', issuer='jfrt@01e6gkzhtba2gz14rj5jrj009s', subject='jfrt@01e6gkzhtba2gz14rj5jrj009s', expiry=2535450737524, refreshable=false
2020-05-13 11:52:46,164 [AUDIT] Token created by 'jffe@000': tokenId='190b0ede-d57c-40bc-90de-a7d78fc62122', issuer='jffe@000', subject='jffe@000/users/anonymous', expiry=1589371366158, refreshable=false
2020-05-13 11:52:46,175 [AUDIT] Token created by 'jffe@000': tokenId='5cfd8e1f-d3bd-4f8a-916b-4e1fee317ddf', issuer='jffe@000', subject='jffe@000/users/anonymous', expiry=1589371366160, refreshable=false
2020-05-13 11:52:46,257 [AUDIT] Token created by 'jffe@000': tokenId='645824a6-9c06-4bab-b0c0-fdd663e89469', issuer='jffe@000', subject='jffe@000/users/anonymous', expiry=1589371366253, refreshable=false
2020-05-13 11:52:50,446 [AUDIT] Token created by 'jffe@000': tokenId='624d3a3d-e9ca-44b9-913d-88490e2299ae', issuer='jffe@000', subject='admin', expiry=1589372570421, refreshable=true
2020-05-13 11:52:50,737 [AUDIT] Token created by 'jffe@000': tokenId='4f963e2b-63d4-4f23-ad38-846102b9ec04', issuer='jffe@000', subject='jffe@000/users/admin', expiry=1589371370733, refreshable=false
2020-05-13 11:52:50,754 [AUDIT] Token created by 'jffe@000': tokenId='9d871903-1f59-41e5-af52-fc7cd2a1ee15', issuer='jffe@000', subject='jffe@000/users/admin', expiry=1589371370750, refreshable=false
2020-05-13 11:52:51,473 [AUDIT] Token created by 'jffe@000': tokenId='b6235f12-6cb2-4de5-9f7a-bb6d38269936', issuer='jffe@000', subject='jffe@000/users/admin', expiry=1589371371472, refreshable=false
2020-05-13 12:00:25,549 [AUDIT] Token created by 'jffe@000': tokenId='9becf8a8-452a-4927-a976-e5a7c8562b23', issuer='jffe@000', subject='jffe@000', expiry=1589371825545, refreshable=false
2020-05-13 12:00:25,557 [AUDIT] Token created by 'jffe@000': tokenId='c7e7c798-1bf3-47b8-b00d-e51fdff7f382', issuer='jffe@000', subject='jffe@000', expiry=1589371825547, refreshable=false
2020-05-13 12:00:25,560 [AUDIT] Token created by 'jffe@000': tokenId='ff434033-4c2f-4b6f-b316-22ba8a5a66ae', issuer='jffe@000', subject='jffe@000', expiry=1589371825550, refreshable=false
2020-05-13 12:00:25,575 [AUDIT] Token created by 'jffe@000': tokenId='7aeb0b4d-b425-493b-b1bc-8110652c3d7d', issuer='jffe@000', subject='jffe@000', expiry=1589371825548, refreshable=false
2020-05-13 12:02:50,816 [AUDIT] Token created by 'jffe@000': tokenId='d9b4c7e1-44c2-4814-95d1-46bcf21e4ae8', issuer='jffe@000', subject='jffe@000/users/admin', expiry=1589371970813, refreshable=false
2020-05-13 12:10:25,589 [AUDIT] Token created by 'jffe@000': tokenId='9a5095e7-1bb4-4ee2-a28d-79f75c3ddb23', issuer='jffe@000', subject='jffe@000', expiry=1589372425588, refreshable=false
2020-05-13 12:10:25,607 [AUDIT] Token created by 'jffe@000': tokenId='25a520b3-b1e0-4a98-be4d-743413038598', issuer='jffe@000', subject='jffe@000', expiry=1589372425588, refreshable=false
2020-05-13 12:10:25,613 [AUDIT] Token created by 'jffe@000': tokenId='e8169758-e7de-4086-a971-5e5c8265aceb', issuer='jffe@000', subject='jffe@000', expiry=1589372425590, refreshable=false
2020-05-13 12:10:25,624 [AUDIT] Token created by 'jffe@000': tokenId='f36961d1-4e79-4aa8-9939-791d44b35fc0', issuer='jffe@000', subject='jffe@000', expiry=1589372425604, refreshable=false
2020-05-13 12:12:50,843 [AUDIT] Token created by 'jffe@000': tokenId='81a1b840-1041-455e-a095-aeb8aaba3743', issuer='jffe@000', subject='jffe@000/users/admin', expiry=1589372570837, refreshable=false
2020-05-13 12:20:25,632 [AUDIT] Token created by 'jffe@000': tokenId='767bae8a-a63a-4591-8230-0bb5023dfa12', issuer='jffe@000', subject='jffe@000', expiry=1589373025614, refreshable=false
2020-05-13 12:20:25,649 [AUDIT] Token created by 'jffe@000': tokenId='ea663516-30e7-4252-b288-e24ec3547742', issuer='jffe@000', subject='jffe@000', expiry=1589373025627, refreshable=false
2020-05-13 12:20:25,651 [AUDIT] Token created by 'jffe@000': tokenId='d2ffd0f2-b866-45a2-8871-8b0a23878b7e', issuer='jffe@000', subject='jffe@000', expiry=1589373025630, refreshable=false
2020-05-13 12:20:25,685 [AUDIT] Token created by 'jffe@000': tokenId='d20fd081-2ac4-47a6-a460-88af6dc4509c', issuer='jffe@000', subject='jffe@000', expiry=1589373025631, refreshable=false
2020-05-13 12:21:31,642 [AUDIT] Token refreshed by 'jffe@000': oldTokenId='624d3a3d-e9ca-44b9-913d-88490e2299ae', tokenId='3bfca93e-36db-49d3-bd9a-7f2573650300', issuer='jffe@000', subject='admin', expiry=1589374291634, refreshable=true
2020-05-13 12:21:57,546 [AUDIT] Token created by 'jffe@000': tokenId='ee728ed5-06e8-432c-983f-f40bc084b139', issuer='jffe@000', subject='jffe@000/users/anonymous', expiry=1589373117535, refreshable=false
2020-05-13 12:23:13,254 [AUDIT] Token created by 'jffe@000': tokenId='bfe746bb-ccd4-43f3-b04f-9b5c3497a237', issuer='jffe@000', subject='jffe@000/users/admin', expiry=1589373193251, refreshable=false
2020-09-16 16:44:58,756 [AUDIT] Token created by 'anonymous': tokenId='4b50f5b5-c95a-4d08-9b57-47f8ee64a487', issuer='jfrou@01e6gkz5mj75e8whsva5r4rjc6', subject='jfrou@01e6gkz5mj75e8whsva5r4rjc6', expiry=none, refreshable=false
2020-09-16 16:45:01,378 [AUDIT] Token created by 'anonymous': tokenId='20fc6107-e7ad-4388-bead-e1666ecc5554', issuer='jfac@01e6gkyy91wa2f00f3fdsf0gme', subject='jfac@01e6gkyy91wa2f00f3fdsf0gme', expiry=1600274821375, refreshable=false
2020-09-16 16:45:01,498 [AUDIT] Token created by 'anonymous': tokenId='6b2f1a33-9724-470d-b5b0-f562d22e399e', issuer='jfac@01e6gkyy91wa2f00f3fdsf0gme', subject='jfac@01e6gkyy91wa2f00f3fdsf0gme', expiry=1600274821497, refreshable=false
2020-09-16 16:45:01,714 [AUDIT] Token created by 'anonymous': tokenId='76adabee-f152-46b7-8d96-82e197bd9fc1', issuer='jfac@01e6gkyy91wa2f00f3fdsf0gme', subject='jfac@01e6gkyy91wa2f00f3fdsf0gme', expiry=1600274821710, refreshable=false
2020-09-16 16:45:02,150 [AUDIT] Token created by 'anonymous': tokenId='17e8b40a-46dd-4ed0-a876-434e00c605b5', issuer='jfac@01e6gkyy91wa2f00f3fdsf0gme', subject='jfac@01e6gkyy91wa2f00f3fdsf0gme', expiry=1600274822149, refreshable=false
2020-09-16 16:45:02,965 [AUDIT] Token created by 'anonymous': tokenId='6787017e-b21c-4100-99e1-3bbb967e0c85', issuer='jfac@01e6gkyy91wa2f00f3fdsf0gme', subject='jfac@01e6gkyy91wa2f00f3fdsf0gme', expiry=1600274822961, refreshable=false
2020-09-16 16:45:03,386 [AUDIT] Token created by 'anonymous': tokenId='0c199147-7d05-426f-b432-6fb924793ef5', issuer='jfmd@01e6gkz74qm614k82x689eq128', subject='jfmd@01e6gkz74qm614k82x689eq128', expiry=none, refreshable=false
2020-09-16 16:45:03,927 [AUDIT] Token created by 'anonymous': tokenId='4959804c-ee9d-41d1-b881-45eebf1ad471', issuer='jfrt@01e6gkzhtba2gz14rj5jrj009s', subject='jfrt@01e6gkzhtba2gz14rj5jrj009s', expiry=none, refreshable=false
2020-09-16 16:45:03,974 [AUDIT] Token created by 'anonymous': tokenId='684c93bf-4023-44ee-8039-0ba03cc446b3', issuer='jfac@01e6gkyy91wa2f00f3fdsf0gme', subject='jfac@01e6gkyy91wa2f00f3fdsf0gme', expiry=1600274823972, refreshable=false
2020-09-16 16:45:09,618 [AUDIT] Token created by 'anonymous': tokenId='e67f68d8-d814-4584-9c40-8be70f4d9d71', issuer='jffe@000', subject='jffe@000', expiry=none, refreshable=false
2020-09-16 16:45:09,664 [AUDIT] Token created by 'jffe@000': tokenId='9ad17460-88bb-4276-b68e-e28dafda71f1', issuer='jffe@000', subject='jffe@000', expiry=1600275309664, refreshable=false
2020-09-16 16:46:28,503 [AUDIT] Token created by 'anonymous': tokenId='9323442d-427e-49f7-a8bc-41f12ad16a4f', issuer='jfrou@01e6gkz5mj75e8whsva5r4rjc6', subject='jfrou@01e6gkz5mj75e8whsva5r4rjc6', expiry=none, refreshable=false
2020-09-16 16:46:31,547 [AUDIT] Token created by 'anonymous': tokenId='c481beb0-77db-4968-a57b-95ac327d61fd', issuer='jfac@01e6gkyy91wa2f00f3fdsf0gme', subject='jfac@01e6gkyy91wa2f00f3fdsf0gme', expiry=1600274911540, refreshable=false
2020-09-16 16:46:31,677 [AUDIT] Token created by 'anonymous': tokenId='e55094ce-377c-431e-b8f0-d997f67b483d', issuer='jfac@01e6gkyy91wa2f00f3fdsf0gme', subject='jfac@01e6gkyy91wa2f00f3fdsf0gme', expiry=1600274911668, refreshable=false
2020-09-16 16:46:31,893 [AUDIT] Token created by 'anonymous': tokenId='69b124bf-a901-4df9-99ad-72d4e0122b10', issuer='jfac@01e6gkyy91wa2f00f3fdsf0gme', subject='jfac@01e6gkyy91wa2f00f3fdsf0gme', expiry=1600274911889, refreshable=false
2020-09-16 16:46:32,310 [AUDIT] Token created by 'anonymous': tokenId='e0a200f4-b419-4d8d-a6db-c016606c4024', issuer='jfac@01e6gkyy91wa2f00f3fdsf0gme', subject='jfac@01e6gkyy91wa2f00f3fdsf0gme', expiry=1600274912305, refreshable=false
2020-09-16 16:46:33,136 [AUDIT] Token created by 'anonymous': tokenId='fd2199ac-540f-460a-915d-75575555c786', issuer='jfac@01e6gkyy91wa2f00f3fdsf0gme', subject='jfac@01e6gkyy91wa2f00f3fdsf0gme', expiry=1600274913132, refreshable=false
2020-09-16 16:46:33,623 [AUDIT] Token created by 'anonymous': tokenId='118b35f9-ad09-46b9-ad6f-03f7fb189401', issuer='jfmd@01e6gkz74qm614k82x689eq128', subject='jfmd@01e6gkz74qm614k82x689eq128', expiry=none, refreshable=false
2020-09-16 16:46:33,916 [AUDIT] Token created by 'anonymous': tokenId='86a58b3e-6b0f-4df8-bd0b-7cf425437e25', issuer='jfrt@01e6gkzhtba2gz14rj5jrj009s', subject='jfrt@01e6gkzhtba2gz14rj5jrj009s', expiry=none, refreshable=false
2020-09-16 16:46:39,533 [AUDIT] Token created by 'anonymous': tokenId='24c6e86d-b6a6-4042-91bd-71b955553ccc', issuer='jffe@000', subject='jffe@000', expiry=none, refreshable=false
2020-09-16 16:46:39,580 [AUDIT] Token created by 'jffe@000': tokenId='9af19ef4-7a2a-4f95-8872-17f196764ff7', issuer='jffe@000', subject='jffe@000', expiry=1600275399579, refreshable=false
2020-09-16 16:48:34,846 [AUDIT] Token created by 'jfrt@01e6gkzhtba2gz14rj5jrj009s': tokenId='0ec9d336-83e5-4359-bf84-7eaef70ccd4b', issuer='jfrt@01e6gkzhtba2gz14rj5jrj009s', subject='jfrt@01e6gkzhtba2gz14rj5jrj009s', expiry=2546354914842, refreshable=false
2020-09-16 16:56:41,969 [AUDIT] Token created by 'jffe@000': tokenId='2ddda4dd-540e-4537-a24a-aeaab7e5b941', issuer='jffe@000', subject='jffe@000', expiry=1600276001969, refreshable=false
2020-09-16 16:56:41,971 [AUDIT] Token created by 'jffe@000': tokenId='debec599-b5a0-4f56-a47d-33fc030ef0c7', issuer='jffe@000', subject='jffe@000', expiry=1600276001970, refreshable=false
2020-09-16 16:56:41,973 [AUDIT] Token created by 'jffe@000': tokenId='875899a7-e899-4e27-8399-dd858f74bee2', issuer='jffe@000', subject='jffe@000', expiry=1600276001973, refreshable=false
2020-09-16 16:56:41,983 [AUDIT] Token created by 'jffe@000': tokenId='314caf0b-7b9f-4777-bfa1-10cd36902ec1', issuer='jffe@000', subject='jffe@000', expiry=1600276001983, refreshable=false
2020-09-16 17:06:42,078 [AUDIT] Token created by 'jffe@000': tokenId='6d3653ea-f230-4f04-a401-28cc6ba9726b', issuer='jffe@000', subject='jffe@000', expiry=1600276602078, refreshable=false
2020-09-16 17:06:42,082 [AUDIT] Token created by 'jffe@000': tokenId='d871af5b-7ffb-4788-8485-e6e367a71b33', issuer='jffe@000', subject='jffe@000', expiry=1600276602082, refreshable=false
2020-09-16 17:06:42,082 [AUDIT] Token created by 'jffe@000': tokenId='a9957035-5d2b-4e2b-98db-d50162b657e3', issuer='jffe@000', subject='jffe@000', expiry=1600276602082, refreshable=false
2020-09-16 17:06:42,084 [AUDIT] Token created by 'jffe@000': tokenId='c04112d3-a392-4325-b41a-af224d2afe9c', issuer='jffe@000', subject='jffe@000', expiry=1600276602084, refreshable=false
2020-09-16 17:16:42,195 [AUDIT] Token created by 'jffe@000': tokenId='41f81a70-5a7d-44bf-8528-8f4ba27cab5e', issuer='jffe@000', subject='jffe@000', expiry=1600277202195, refreshable=false
2020-09-16 17:16:42,202 [AUDIT] Token created by 'jffe@000': tokenId='bb322ecd-e803-4401-9309-977b72351ce3', issuer='jffe@000', subject='jffe@000', expiry=1600277202201, refreshable=false
2020-09-16 17:16:42,207 [AUDIT] Token created by 'jffe@000': tokenId='a7ca9f71-8efb-4b2b-b96f-1ff891d44379', issuer='jffe@000', subject='jffe@000', expiry=1600277202207, refreshable=false
2020-09-16 17:16:42,223 [AUDIT] Token created by 'jffe@000': tokenId='486d950b-20ce-47b6-bc08-5f09bdad55eb', issuer='jffe@000', subject='jffe@000', expiry=1600277202223, refreshable=false
2020-09-16 17:26:42,297 [AUDIT] Token created by 'jffe@000': tokenId='61bdf553-db46-45fd-b58c-7b3aa08a10cb', issuer='jffe@000', subject='jffe@000', expiry=1600277802297, refreshable=false
2020-09-16 17:26:42,298 [AUDIT] Token created by 'jffe@000': tokenId='ed5b61ff-baeb-4e65-b2f7-f7e37222c993', issuer='jffe@000', subject='jffe@000', expiry=1600277802298, refreshable=false
2020-09-16 17:26:42,298 [AUDIT] Token created by 'jffe@000': tokenId='3980fb0e-8076-46f8-b577-7768e5e0b810', issuer='jffe@000', subject='jffe@000', expiry=1600277802298, refreshable=false
2020-09-16 17:26:42,302 [AUDIT] Token created by 'jffe@000': tokenId='19104fb4-42ff-4c46-9e36-4b48b596eab0', issuer='jffe@000', subject='jffe@000', expiry=1600277802302, refreshable=false
2020-09-16 17:36:42,431 [AUDIT] Token created by 'jffe@000': tokenId='3aece08b-3cdc-40a4-893d-15b0956017c7', issuer='jffe@000', subject='jffe@000', expiry=1600278402431, refreshable=false
2020-09-16 17:36:42,432 [AUDIT] Token created by 'jffe@000': tokenId='7b0f3f99-4465-468f-b8a2-a471d3beb268', issuer='jffe@000', subject='jffe@000', expiry=1600278402431, refreshable=false
2020-09-16 17:36:42,439 [AUDIT] Token created by 'jffe@000': tokenId='05729e86-82ca-4a1e-8491-928554a2995e', issuer='jffe@000', subject='jffe@000', expiry=1600278402439, refreshable=false
2020-09-16 17:36:42,445 [AUDIT] Token created by 'jffe@000': tokenId='e900861c-3858-432b-817c-de7e95c52794', issuer='jffe@000', subject='jffe@000', expiry=1600278402445, refreshable=false
2020-09-16 17:46:25,867 [AUDIT] Token revoked by 'anonymous': tokenId='b46a645e-6b5b-4445-add8-9e804b831497', issuer='jfrt@01e6gkzhtba2gz14rj5jrj009s', subject='jfrt@01e6gkzhtba2gz14rj5jrj009s', expiry=none, refreshable=false
2020-09-16 17:46:25,871 [AUDIT] Token revoked by 'anonymous': tokenId='e0fba5d0-34d2-4c2e-b408-4772c7a3352d', issuer='jfmd@01e6gkz74qm614k82x689eq128', subject='jfmd@01e6gkz74qm614k82x689eq128', expiry=none, refreshable=false
2020-09-16 17:46:25,872 [AUDIT] Token revoked by 'anonymous': tokenId='1175882b-b180-45be-9956-376442883b71', issuer='jffe@000', subject='jffe@000', expiry=none, refreshable=false
2020-09-16 17:46:25,874 [AUDIT] Token revoked by 'anonymous': tokenId='c55906b7-0f37-438e-b708-e35a226dc7f1', issuer='jfrt@01e6gkzhtba2gz14rj5jrj009s', subject='jfrt@01e6gkzhtba2gz14rj5jrj009s', expiry=none, refreshable=false
2020-09-16 17:46:25,878 [AUDIT] Token revoked by 'anonymous': tokenId='6ebd20d8-6b42-41c0-95a4-ae73d6643e1e', issuer='jfmd@01e6gkz74qm614k82x689eq128', subject='jfmd@01e6gkz74qm614k82x689eq128', expiry=none, refreshable=false
2020-09-16 17:46:25,889 [AUDIT] Token revoked by 'anonymous': tokenId='b4937252-b374-42d0-9832-9464870382b2', issuer='jffe@000', subject='jffe@000', expiry=none, refreshable=false
2020-09-16 17:46:42,514 [AUDIT] Token created by 'jffe@000': tokenId='5ff91248-05e7-4dab-a485-461cbf08c8af', issuer='jffe@000', subject='jffe@000', expiry=1600279002514, refreshable=false
2020-09-16 17:46:42,522 [AUDIT] Token created by 'jffe@000': tokenId='c6fcb22b-809a-4ca1-ae71-21e02b7faad9', issuer='jffe@000', subject='jffe@000', expiry=1600279002522, refreshable=false
2020-09-16 17:46:42,522 [AUDIT] Token created by 'jffe@000': tokenId='0de676de-7e01-448d-838c-bcdf3e9f22f4', issuer='jffe@000', subject='jffe@000', expiry=1600279002522, refreshable=false
2020-09-16 17:46:42,528 [AUDIT] Token created by 'jffe@000': tokenId='ed34a721-cba7-4ef9-a477-26e9096b29ec', issuer='jffe@000', subject='jffe@000', expiry=1600279002528, refreshable=false
2020-09-16 17:56:42,572 [AUDIT] Token created by 'jffe@000': tokenId='37f0342e-93b0-45c2-96d9-081ea0148aa5', issuer='jffe@000', subject='jffe@000', expiry=1600279602572, refreshable=false
2020-09-16 17:56:42,572 [AUDIT] Token created by 'jffe@000': tokenId='0ec13054-2814-4e60-8c32-9b21d57b535e', issuer='jffe@000', subject='jffe@000', expiry=1600279602572, refreshable=false
2020-09-16 17:56:42,572 [AUDIT] Token created by 'jffe@000': tokenId='3f5e802f-5e29-4bb1-b095-d1ce700c68e1', issuer='jffe@000', subject='jffe@000', expiry=1600279602572, refreshable=false
2020-09-16 17:56:42,580 [AUDIT] Token created by 'jffe@000': tokenId='cfc0b13d-10d4-4511-9b96-76df4a6a5683', issuer='jffe@000', subject='jffe@000', expiry=1600279602578, refreshable=false
2020-09-16 18:06:42,697 [AUDIT] Token created by 'jffe@000': tokenId='7513b280-eec1-4625-ac9c-0552dfdfacf5', issuer='jffe@000', subject='jffe@000', expiry=1600280202697, refreshable=false
2020-09-16 18:06:42,697 [AUDIT] Token created by 'jffe@000': tokenId='05cf2692-a6e6-4ab6-bb23-098e9fdc2aec', issuer='jffe@000', subject='jffe@000', expiry=1600280202697, refreshable=false
2020-09-16 18:06:42,701 [AUDIT] Token created by 'jffe@000': tokenId='d96124a0-d257-44fa-975b-aa3b702099a5', issuer='jffe@000', subject='jffe@000', expiry=1600280202701, refreshable=false
2020-09-16 18:06:42,702 [AUDIT] Token created by 'jffe@000': tokenId='14ba9fc1-2540-4247-b19a-06897ed7787b', issuer='jffe@000', subject='jffe@000', expiry=1600280202701, refreshable=false
2020-09-16 18:16:42,798 [AUDIT] Token created by 'jffe@000': tokenId='3b6bb049-70a0-46b8-9a77-25c8e3cb9c58', issuer='jffe@000', subject='jffe@000', expiry=1600280802798, refreshable=false
2020-09-16 18:16:42,798 [AUDIT] Token created by 'jffe@000': tokenId='601692af-8c6c-46bf-a4df-e9c9516a339e', issuer='jffe@000', subject='jffe@000', expiry=1600280802798, refreshable=false
2020-09-16 18:16:42,806 [AUDIT] Token created by 'jffe@000': tokenId='66de6eba-f7e6-4ee9-9c42-afd30f712d74', issuer='jffe@000', subject='jffe@000', expiry=1600280802806, refreshable=false
2020-09-16 18:16:42,812 [AUDIT] Token created by 'jffe@000': tokenId='2cbfc82d-f2f4-4a68-aefd-5ad9d80e8ff7', issuer='jffe@000', subject='jffe@000', expiry=1600280802808, refreshable=false
2020-09-16 18:26:42,877 [AUDIT] Token created by 'jffe@000': tokenId='b4d6f6a6-965b-4620-b634-9bc2f5007fda', issuer='jffe@000', subject='jffe@000', expiry=1600281402877, refreshable=false
2020-09-16 18:26:42,877 [AUDIT] Token created by 'jffe@000': tokenId='2848f4d6-5b43-4a5e-bc33-287e2e95011b', issuer='jffe@000', subject='jffe@000', expiry=1600281402877, refreshable=false
2020-09-16 18:26:42,879 [AUDIT] Token created by 'jffe@000': tokenId='d40f4970-a163-4a85-9f44-fd94e932c496', issuer='jffe@000', subject='jffe@000', expiry=1600281402879, refreshable=false
2020-09-16 18:26:42,889 [AUDIT] Token created by 'jffe@000': tokenId='bf57c751-4b6e-4603-8a1d-793dfaaad6a6', issuer='jffe@000', subject='jffe@000', expiry=1600281402889, refreshable=false
2021-05-05 12:31:28,276 [AUDIT] Token created by 'anonymous': tokenId='ea258bb6-cf94-4321-9f91-40e39d8e4c39', issuer='jfrou@01e6gkz5mj75e8whsva5r4rjc6', subject='jfrou@01e6gkz5mj75e8whsva5r4rjc6', expiry=none, refreshable=false
2021-05-05 12:31:30,528 [AUDIT] Token created by 'anonymous': tokenId='7589baea-0134-4ead-9364-6fd0a00bf556', issuer='jfac@01e6gkyy91wa2f00f3fdsf0gme', subject='jfac@01e6gkyy91wa2f00f3fdsf0gme', expiry=1620218010519, refreshable=false
2021-05-05 12:31:30,667 [AUDIT] Token created by 'anonymous': tokenId='36683a83-6502-495c-8dbe-61d90df4d07d', issuer='jfac@01e6gkyy91wa2f00f3fdsf0gme', subject='jfac@01e6gkyy91wa2f00f3fdsf0gme', expiry=1620218010650, refreshable=false
2021-05-05 12:31:30,883 [AUDIT] Token created by 'anonymous': tokenId='85a9203c-3a21-4a02-945d-712c5816868a', issuer='jfac@01e6gkyy91wa2f00f3fdsf0gme', subject='jfac@01e6gkyy91wa2f00f3fdsf0gme', expiry=1620218010876, refreshable=false
2021-05-05 12:31:31,295 [AUDIT] Token created by 'anonymous': tokenId='3d7a88c0-54e4-4007-8940-fddbdb122008', issuer='jfac@01e6gkyy91wa2f00f3fdsf0gme', subject='jfac@01e6gkyy91wa2f00f3fdsf0gme', expiry=1620218011289, refreshable=false
2021-05-05 12:31:31,888 [AUDIT] Token created by 'anonymous': tokenId='e9314ef5-fd7a-4c30-adcf-09acecffc7eb', issuer='jfmd@01e6gkz74qm614k82x689eq128', subject='jfmd@01e6gkz74qm614k82x689eq128', expiry=none, refreshable=false
2021-05-05 12:31:31,969 [AUDIT] Token created by 'anonymous': tokenId='50b26725-f3e9-40fd-8595-16e086164cd9', issuer='jfrt@01e6gkzhtba2gz14rj5jrj009s', subject='jfrt@01e6gkzhtba2gz14rj5jrj009s', expiry=none, refreshable=false
2021-05-05 12:31:36,652 [AUDIT] Token created by 'anonymous': tokenId='63fff34b-a72e-48c1-9dee-029a37f01817', issuer='jffe@000', subject='jffe@000', expiry=none, refreshable=false
2021-05-05 12:31:36,709 [AUDIT] Token created by 'jffe@000': tokenId='0a0a05f7-2a84-49a4-88fe-287ae7814501', issuer='jffe@000', subject='jffe@000/users/jffe@000', expiry=1620218496709, refreshable=false
2021-05-05 12:33:33,052 [AUDIT] Token created by 'jfrt@01e6gkzhtba2gz14rj5jrj009s': tokenId='c5831cfd-e800-41a7-9c73-8026106e8154', issuer='jfrt@01e6gkzhtba2gz14rj5jrj009s', subject='jfrt@01e6gkzhtba2gz14rj5jrj009s', expiry=2566298013050, refreshable=false
2021-05-05 12:41:39,043 [AUDIT] Token created by 'jffe@000': tokenId='5b5df69d-7dfe-4a90-bf3a-cd5d54393680', issuer='jffe@000', subject='jffe@000/users/jffe@000', expiry=1620219099043, refreshable=false
2021-05-05 12:41:39,047 [AUDIT] Token created by 'jffe@000': tokenId='f97e8bba-35b1-407d-ade2-3438954576db', issuer='jffe@000', subject='jffe@000/users/jffe@000', expiry=1620219099047, refreshable=false
2021-05-05 12:41:39,055 [AUDIT] Token created by 'jffe@000': tokenId='2ff8854d-93c0-418e-9058-371625b9b169', issuer='jffe@000', subject='jffe@000/users/jffe@000', expiry=1620219099054, refreshable=false
2021-05-05 12:51:01,772 [AUDIT] Token created by 'jffe@000': tokenId='8b98b9f9-c2f2-4d1f-bbad-15121455b684', issuer='jffe@000', subject='jffe@000/users/anonymous', expiry=1620219661772, refreshable=false
2021-05-05 12:51:01,776 [AUDIT] Token created by 'jffe@000': tokenId='edb56d1f-e8ef-4572-840a-c1e0c5e511a5', issuer='jffe@000', subject='jffe@000/users/anonymous', expiry=1620219661776, refreshable=false
2021-05-05 12:51:01,781 [AUDIT] Token created by 'jffe@000': tokenId='20ac1cbc-7348-44b6-a7c1-7f7cc5a4349a', issuer='jffe@000', subject='jffe@000/users/anonymous', expiry=1620219661781, refreshable=false
2021-05-05 12:51:01,783 [AUDIT] Token created by 'jffe@000': tokenId='a6496df2-cb69-4afc-90f5-16d05a433e21', issuer='jffe@000', subject='jffe@000/users/anonymous', expiry=1620219661783, refreshable=false
2021-05-05 12:51:09,337 [AUDIT] Token created by 'jffe@000': tokenId='cf869624-4ae3-43c3-865b-82a386ceebf8', issuer='jffe@000', subject='jffe@000/users/admin', expiry=1620220869335, refreshable=true
2021-05-05 12:51:09,409 [AUDIT] Token created by 'jffe@000': tokenId='c95a0665-7632-4134-9aec-4b1711cbe204', issuer='jffe@000', subject='jffe@000/users/admin', expiry=1620219669409, refreshable=false
2021-05-05 12:51:09,421 [AUDIT] Token created by 'jffe@000': tokenId='75e479a4-0427-4fc5-b8fc-0140abb7d81a', issuer='jffe@000', subject='jffe@000/users/admin', expiry=1620219669421, refreshable=false
2021-05-05 12:51:09,427 [AUDIT] Token created by 'jffe@000': tokenId='0529aabd-0a3c-4d0e-8262-6e1e2803d3f3', issuer='jffe@000', subject='jffe@000/users/admin', expiry=1620219669427, refreshable=false
2021-05-05 12:51:09,792 [AUDIT] Token created by 'jffe@000': tokenId='f670efdf-362e-44a2-a485-00ab104468be', issuer='jffe@000', subject='jffe@000/users/admin', expiry=1620219669792, refreshable=false
2021-05-05 12:51:39,180 [AUDIT] Token created by 'jffe@000': tokenId='41f71fe1-5f5c-4cfe-b3ef-badcbccdf5ff', issuer='jffe@000', subject='jffe@000/users/jffe@000', expiry=1620219699180, refreshable=false
2021-05-05 12:51:39,180 [AUDIT] Token created by 'jffe@000': tokenId='c897892c-67ca-41d3-ba91-e50fcb72b7bd', issuer='jffe@000', subject='jffe@000/users/jffe@000', expiry=1620219699180, refreshable=false
2021-05-05 12:51:39,183 [AUDIT] Token created by 'jffe@000': tokenId='6ade1c41-b418-443c-a4ab-1a44f1038d36', issuer='jffe@000', subject='jffe@000/users/jffe@000', expiry=1620219699183, refreshable=false
