----------------------------------------------------------------
Wed May 13 11:49:36 GMT 2020:
Booting Derby version The Apache Software Foundation - Apache Derby - 10.14.2.0 - (1828579): instance a816c00e-0172-0dde-5b1d-00001b600000 
on database directory /var/opt/jfrog/artifactory/data/artifactory/derby with class loader java.net.URLClassLoader@7791a895 
Loaded from file:/opt/jfrog/artifactory/app/artifactory/tomcat/lib/derby-10.14.2.0.jar
java.vendor=AdoptOpenJDK
java.runtime.version=11.0.6+10
user.dir=/var/opt/jfrog/artifactory
os.name=Linux
os.arch=amd64
os.version=5.3.0-51-generic
derby.system.home=null
derby.stream.error.file=/opt/jfrog/artifactory/var/log/derby.log
Database Class Loader started - derby.database.classpath=''
----------------------------------------------------------------
Wed May 13 11:49:48 GMT 2020:
Booting Derby version The Apache Software Foundation - Apache Derby - 10.14.2.0 - (1828579): instance e1734037-0172-0dde-5b1d-00001b600000 
on database directory /var/opt/jfrog/artifactory/data/access/derby with class loader java.net.URLClassLoader@7791a895 
Loaded from file:/opt/jfrog/artifactory/app/artifactory/tomcat/lib/derby-10.14.2.0.jar
java.vendor=AdoptOpenJDK
java.runtime.version=11.0.6+10
user.dir=/var/opt/jfrog/artifactory
os.name=Linux
os.arch=amd64
os.version=5.3.0-51-generic
derby.system.home=null
derby.stream.error.file=/opt/jfrog/artifactory/var/data/access/derbyderby.log
Database Class Loader started - derby.database.classpath=''
Wed May 13 11:49:58 GMT 2020 Thread[localhost-startStop-2,5,main] (XID = 51312), (SESSIONID = 1), (DATABASE = /opt/jfrog/artifactory/var/data/access/derby), (DRDAID = null), Cleanup action starting
Wed May 13 11:49:58 GMT 2020 Thread[localhost-startStop-2,5,main] (XID = 51312), (SESSIONID = 1), (DATABASE = /opt/jfrog/artifactory/var/data/access/derby), (DRDAID = null), Failed Statement is: INSERT INTO access_configs (config_name, modified, data) VALUES (?, ?, ?) with 3 parameters begin parameter #1: shared.security.joinKey :end parameter begin parameter #2: 1589370598589 :end parameter begin parameter #3: BLOB:Length=93 :end parameter 
ERROR 23505: The statement was aborted because it would have caused a duplicate key value in a unique or primary key constraint or unique index identified by 'ACCESS_CONFIGS_PK' defined on 'ACCESS_CONFIGS'.
	at org.apache.derby.iapi.error.StandardException.newException(Unknown Source)
	at org.apache.derby.iapi.error.StandardException.newException(Unknown Source)
	at org.apache.derby.impl.sql.execute.IndexChanger.insertAndCheckDups(Unknown Source)
	at org.apache.derby.impl.sql.execute.IndexChanger.doInsert(Unknown Source)
	at org.apache.derby.impl.sql.execute.IndexChanger.insert(Unknown Source)
	at org.apache.derby.impl.sql.execute.IndexSetChanger.insert(Unknown Source)
	at org.apache.derby.impl.sql.execute.RowChangerImpl.insertRow(Unknown Source)
	at org.apache.derby.impl.sql.execute.InsertResultSet.normalInsertCore(Unknown Source)
	at org.apache.derby.impl.sql.execute.InsertResultSet.open(Unknown Source)
	at org.apache.derby.impl.sql.GenericPreparedStatement.executeStmt(Unknown Source)
	at org.apache.derby.impl.sql.GenericPreparedStatement.execute(Unknown Source)
	at org.apache.derby.impl.jdbc.EmbedStatement.executeStatement(Unknown Source)
	at org.apache.derby.impl.jdbc.EmbedPreparedStatement.executeStatement(Unknown Source)
	at org.apache.derby.impl.jdbc.EmbedPreparedStatement.executeLargeUpdate(Unknown Source)
	at org.apache.derby.impl.jdbc.EmbedPreparedStatement.executeUpdate(Unknown Source)
	at java.base/jdk.internal.reflect.NativeMethodAccessorImpl.invoke0(Native Method)
	at java.base/jdk.internal.reflect.NativeMethodAccessorImpl.invoke(NativeMethodAccessorImpl.java:62)
	at java.base/jdk.internal.reflect.DelegatingMethodAccessorImpl.invoke(DelegatingMethodAccessorImpl.java:43)
	at java.base/java.lang.reflect.Method.invoke(Method.java:566)
	at org.apache.tomcat.jdbc.pool.StatementFacade$StatementProxy.invoke(StatementFacade.java:114)
	at com.sun.proxy.$Proxy95.executeUpdate(Unknown Source)
	at org.jfrog.storage.JdbcHelper.executeUpdate(JdbcHelper.java:229)
	at org.jfrog.access.server.db.util.AccessJdbcHelperImpl.executeUpdate(AccessJdbcHelperImpl.java:104)
	at org.jfrog.access.server.db.dao.AccessConfigsDao.createConfig(AccessConfigsDao.java:59)
	at org.jfrog.access.server.db.dao.AccessConfigsDao$$FastClassBySpringCGLIB$$a31fa086.invoke(<generated>)
	at org.springframework.cglib.proxy.MethodProxy.invoke(MethodProxy.java:218)
	at org.springframework.aop.framework.CglibAopProxy$CglibMethodInvocation.invokeJoinpoint(CglibAopProxy.java:750)
	at org.springframework.aop.framework.ReflectiveMethodInvocation.proceed(ReflectiveMethodInvocation.java:163)
	at org.springframework.dao.support.PersistenceExceptionTranslationInterceptor.invoke(PersistenceExceptionTranslationInterceptor.java:139)
	at org.springframework.aop.framework.ReflectiveMethodInvocation.proceed(ReflectiveMethodInvocation.java:186)
	at org.springframework.aop.framework.CglibAopProxy$DynamicAdvisedInterceptor.intercept(CglibAopProxy.java:689)
	at org.jfrog.access.server.db.dao.AccessConfigsDao$$EnhancerBySpringCGLIB$$3310d16.createConfig(<generated>)
	at org.jfrog.access.server.startup.JoinKeyAccess.saveJoinKeyToDb(JoinKeyAccess.java:179)
	at org.jfrog.access.server.startup.JoinKeyAccess.saveJoinKey(JoinKeyAccess.java:85)
	at org.jfrog.access.server.startup.JoinKeyAccess.resolveJoinKey(JoinKeyAccess.java:79)
	at io.vavr.control.Try.of(Try.java:75)
	at org.jfrog.access.server.startup.JoinKeyAccess.init(JoinKeyAccess.java:66)
	at java.base/jdk.internal.reflect.NativeMethodAccessorImpl.invoke0(Native Method)
	at java.base/jdk.internal.reflect.NativeMethodAccessorImpl.invoke(NativeMethodAccessorImpl.java:62)
	at java.base/jdk.internal.reflect.DelegatingMethodAccessorImpl.invoke(DelegatingMethodAccessorImpl.java:43)
	at java.base/java.lang.reflect.Method.invoke(Method.java:566)
	at org.springframework.beans.factory.annotation.InitDestroyAnnotationBeanPostProcessor$LifecycleElement.invoke(InitDestroyAnnotationBeanPostProcessor.java:363)
	at org.springframework.beans.factory.annotation.InitDestroyAnnotationBeanPostProcessor$LifecycleMetadata.invokeInitMethods(InitDestroyAnnotationBeanPostProcessor.java:307)
	at org.springframework.beans.factory.annotation.InitDestroyAnnotationBeanPostProcessor.postProcessBeforeInitialization(InitDestroyAnnotationBeanPostProcessor.java:136)
	at org.springframework.beans.factory.support.AbstractAutowireCapableBeanFactory.applyBeanPostProcessorsBeforeInitialization(AbstractAutowireCapableBeanFactory.java:414)
	at org.springframework.beans.factory.support.AbstractAutowireCapableBeanFactory.initializeBean(AbstractAutowireCapableBeanFactory.java:1763)
	at org.springframework.beans.factory.support.AbstractAutowireCapableBeanFactory.doCreateBean(AbstractAutowireCapableBeanFactory.java:593)
	at org.springframework.beans.factory.support.AbstractAutowireCapableBeanFactory.createBean(AbstractAutowireCapableBeanFactory.java:515)
	at org.springframework.beans.factory.support.AbstractBeanFactory.lambda$doGetBean$0(AbstractBeanFactory.java:320)
	at org.springframework.beans.factory.support.DefaultSingletonBeanRegistry.getSingleton(DefaultSingletonBeanRegistry.java:222)
	at org.springframework.beans.factory.support.AbstractBeanFactory.doGetBean(AbstractBeanFactory.java:318)
	at org.springframework.beans.factory.support.AbstractBeanFactory.getBean(AbstractBeanFactory.java:199)
	at org.springframework.beans.factory.support.DefaultListableBeanFactory.preInstantiateSingletons(DefaultListableBeanFactory.java:847)
	at org.springframework.context.support.AbstractApplicationContext.finishBeanFactoryInitialization(AbstractApplicationContext.java:877)
	at org.springframework.context.support.AbstractApplicationContext.refresh(AbstractApplicationContext.java:549)
	at org.springframework.boot.web.servlet.context.ServletWebServerApplicationContext.refresh(ServletWebServerApplicationContext.java:141)
	at org.springframework.boot.SpringApplication.refresh(SpringApplication.java:743)
	at org.springframework.boot.SpringApplication.refreshContext(SpringApplication.java:390)
	at org.springframework.boot.SpringApplication.run(SpringApplication.java:312)
	at org.springframework.boot.web.servlet.support.SpringBootServletInitializer.run(SpringBootServletInitializer.java:151)
	at org.springframework.boot.web.servlet.support.SpringBootServletInitializer.createRootApplicationContext(SpringBootServletInitializer.java:131)
	at org.springframework.boot.web.servlet.support.SpringBootServletInitializer.onStartup(SpringBootServletInitializer.java:91)
	at org.springframework.web.SpringServletContainerInitializer.onStartup(SpringServletContainerInitializer.java:172)
	at org.apache.catalina.core.StandardContext.startInternal(StandardContext.java:5225)
	at org.apache.catalina.util.LifecycleBase.start(LifecycleBase.java:150)
	at org.apache.catalina.core.ContainerBase.addChildInternal(ContainerBase.java:754)
	at org.apache.catalina.core.ContainerBase.addChild(ContainerBase.java:730)
	at org.apache.catalina.core.StandardHost.addChild(StandardHost.java:744)
	at org.apache.catalina.startup.HostConfig.deployDescriptor(HostConfig.java:624)
	at org.apache.catalina.startup.HostConfig$DeployDescriptor.run(HostConfig.java:1833)
	at java.base/java.util.concurrent.Executors$RunnableAdapter.call(Executors.java:515)
	at java.base/java.util.concurrent.FutureTask.run(FutureTask.java:264)
	at java.base/java.util.concurrent.ThreadPoolExecutor.runWorker(ThreadPoolExecutor.java:1128)
	at java.base/java.util.concurrent.ThreadPoolExecutor$Worker.run(ThreadPoolExecutor.java:628)
	at java.base/java.lang.Thread.run(Thread.java:834)
Cleanup action completed
