2020-04-22T09:37:18.872Z [jfrou] [INFO ] [                ] [server.go:568                 ] [main                ] - Preparing server internal &{Address:localhost:8046 TLS:<nil> Redirect:<nil> Auth:<nil> WhitelistSourceRange:[] WhiteList:<nil> Compress:false ProxyProtocol:<nil> ForwardedHeaders:0xc0003b2540} with readTimeout=0s writeTimeout=0s idleTimeout=3m0s
2020-04-22T09:37:18.872Z [jfrou] [INFO ] [                ] [server.go:568                 ] [main                ] - Preparing server api &{Address:localhost:8049 TLS:<nil> Redirect:<nil> Auth:<nil> WhitelistSourceRange:[] WhiteList:<nil> Compress:false ProxyProtocol:<nil> ForwardedHeaders:0xc0003b24e0} with readTimeout=0s writeTimeout=0s idleTimeout=3m0s
2020-04-22T09:37:18.873Z [jfrou] [INFO ] [                ] [server.go:568                 ] [main                ] - Preparing server external &{Address::8082 TLS:<nil> Redirect:<nil> Auth:<nil> WhitelistSourceRange:[] WhiteList:<nil> Compress:false ProxyProtocol:<nil> ForwardedHeaders:0xc0003b2520} with readTimeout=0s writeTimeout=0s idleTimeout=3m0s
2020-04-22T09:37:18.873Z [jfrou] [INFO ] [                ] [server.go:420                 ] [main                ] - Starting provider configuration.ProviderAggregator {}
2020-04-22T09:37:18.874Z [jfrou] [INFO ] [                ] [server.go:524                 ] [main                ] - Starting server on localhost:8046
2020-04-22T09:37:18.874Z [jfrou] [INFO ] [                ] [server.go:524                 ] [main                ] - Starting server on localhost:8049
2020-04-22T09:37:18.874Z [jfrou] [INFO ] [                ] [server.go:524                 ] [main                ] - Starting server on :8082
2020-04-22T09:37:18.874Z [jfrou] [INFO ] [                ] [provider_aggregator.go:103    ] [main                ] - Starting provider *file.Provider {"Watch":true,"Filename":"","Constraints":null,"Trace":false,"TemplateVersion":0,"DebugLogGeneratedTemplate":false,"Directory":"/opt/jfrog/artifactory/var/data/router/traefik/routes","TraefikFile":""}
2020-04-22T09:37:18.880Z [jfrou] [INFO ] [                ] [server_configuration.go:61    ] [main                ] - Server configuration reloaded on localhost:8046
2020-04-22T09:37:18.880Z [jfrou] [INFO ] [                ] [server_configuration.go:61    ] [main                ] - Server configuration reloaded on localhost:8049
2020-04-22T09:37:18.880Z [jfrou] [INFO ] [                ] [server_configuration.go:61    ] [main                ] - Server configuration reloaded on :8082
2020-04-22T09:37:20.880Z [jfrou] [INFO ] [                ] [server_configuration.go:61    ] [main                ] - Server configuration reloaded on localhost:8046
2020-04-22T09:37:20.880Z [jfrou] [INFO ] [                ] [server_configuration.go:61    ] [main                ] - Server configuration reloaded on localhost:8049
2020-04-22T09:37:20.880Z [jfrou] [INFO ] [                ] [server_configuration.go:61    ] [main                ] - Server configuration reloaded on :8082
2020-04-22T09:37:22.881Z [jfrou] [INFO ] [                ] [server_configuration.go:61    ] [main                ] - Server configuration reloaded on localhost:8046
2020-04-22T09:37:22.881Z [jfrou] [INFO ] [                ] [server_configuration.go:61    ] [main                ] - Server configuration reloaded on localhost:8049
2020-04-22T09:37:22.881Z [jfrou] [INFO ] [                ] [server_configuration.go:61    ] [main                ] - Server configuration reloaded on :8082
2020-04-22T09:37:24.882Z [jfrou] [INFO ] [                ] [server_configuration.go:61    ] [main                ] - Server configuration reloaded on :8082
2020-04-22T09:37:24.882Z [jfrou] [INFO ] [                ] [server_configuration.go:61    ] [main                ] - Server configuration reloaded on localhost:8046
2020-04-22T09:37:24.882Z [jfrou] [INFO ] [                ] [server_configuration.go:61    ] [main                ] - Server configuration reloaded on localhost:8049
2020-04-22T09:37:26.881Z [jfrou] [INFO ] [                ] [server_configuration.go:61    ] [main                ] - Server configuration reloaded on localhost:8049
2020-04-22T09:37:26.882Z [jfrou] [INFO ] [                ] [server_configuration.go:61    ] [main                ] - Server configuration reloaded on :8082
2020-04-22T09:37:26.882Z [jfrou] [INFO ] [                ] [server_configuration.go:61    ] [main                ] - Server configuration reloaded on localhost:8046
2020-04-22T09:37:32.425Z [jfrou] [INFO ] [                ] [server_configuration.go:61    ] [main                ] - Server configuration reloaded on localhost:8046
2020-04-22T09:37:32.426Z [jfrou] [INFO ] [                ] [server_configuration.go:61    ] [main                ] - Server configuration reloaded on localhost:8049
2020-04-22T09:37:32.426Z [jfrou] [INFO ] [                ] [server_configuration.go:61    ] [main                ] - Server configuration reloaded on :8082
2020-04-22T09:37:38.894Z [jfrou] [INFO ] [                ] [server_configuration.go:61    ] [main                ] - Server configuration reloaded on localhost:8046
2020-04-22T09:37:38.898Z [jfrou] [INFO ] [                ] [server_configuration.go:61    ] [main                ] - Server configuration reloaded on localhost:8049
2020-04-22T09:37:38.898Z [jfrou] [INFO ] [                ] [server_configuration.go:61    ] [main                ] - Server configuration reloaded on :8082
2020-04-22T09:37:40.896Z [jfrou] [INFO ] [                ] [server_configuration.go:61    ] [main                ] - Server configuration reloaded on localhost:8049
2020-04-22T09:37:40.897Z [jfrou] [INFO ] [                ] [server_configuration.go:61    ] [main                ] - Server configuration reloaded on :8082
2020-04-22T09:37:40.897Z [jfrou] [INFO ] [                ] [server_configuration.go:61    ] [main                ] - Server configuration reloaded on localhost:8046
2020-04-22T10:12:45.283Z [jfrou] [INFO ] [                ] [server_configuration.go:319   ] [main                ] - Skipping same configuration for provider file
2020-04-22T10:12:45.289Z [jfrou] [INFO ] [                ] [server_configuration.go:319   ] [main                ] - Skipping same configuration for provider file
2020-04-22T10:12:45.292Z [jfrou] [INFO ] [                ] [server_configuration.go:319   ] [main                ] - Skipping same configuration for provider file
2020-04-22T10:12:45.297Z [jfrou] [INFO ] [                ] [server_configuration.go:319   ] [main                ] - Skipping same configuration for provider file
2020-04-22T10:12:45.300Z [jfrou] [INFO ] [                ] [server_configuration.go:319   ] [main                ] - Skipping same configuration for provider file
2020-04-22T10:13:08.281Z [jfrou] [ERROR] [                ] [file.go:141                   ] [main                ] - Error occurred during watcher callback: unable to load content configuration from subdirectory &{external %!s(int64=4096) %!s(os.FileMode=2147484141) {%!s(uint64=124688294) %!s(int64=63723145039) %!s(*time.Location=&{UTC [] [] 0 0 <nil>})} {%!s(uint64=2049) %!s(uint64=1705766) %!s(uint64=2) %!s(uint32=16877) %!s(uint32=1000) %!s(uint32=1000) %!s(int32=0) %!s(uint64=0) %!s(int64=4096) %!s(int64=4096) %!s(int64=8) {%!s(int64=1587550365) %!s(int64=284722384)} {%!s(int64=1587548239) %!s(int64=124688294)} {%!s(int64=1587550388) %!s(int64=276722753)} [%!s(int64=0) %!s(int64=0) %!s(int64=0)]}}: error reading configuration file: /opt/jfrog/artifactory/var/data/router/traefik/routes/external/external-routes.toml - open /opt/jfrog/artifactory/var/data/router/traefik/routes/external/external-routes.toml: permission denied
2020-04-22T10:13:08.281Z [jfrou] [ERROR] [                ] [file.go:141                   ] [main                ] - Error occurred during watcher callback: unable to load content configuration from subdirectory &{external %!s(int64=4096) %!s(os.FileMode=2147484141) {%!s(uint64=124688294) %!s(int64=63723145039) %!s(*time.Location=&{UTC [] [] 0 0 <nil>})} {%!s(uint64=2049) %!s(uint64=1705766) %!s(uint64=2) %!s(uint32=16877) %!s(uint32=1000) %!s(uint32=1000) %!s(int32=0) %!s(uint64=0) %!s(int64=4096) %!s(int64=4096) %!s(int64=8) {%!s(int64=1587550388) %!s(int64=276722753)} {%!s(int64=1587548239) %!s(int64=124688294)} {%!s(int64=1587550388) %!s(int64=276722753)} [%!s(int64=0) %!s(int64=0) %!s(int64=0)]}}: error reading configuration file: /opt/jfrog/artifactory/var/data/router/traefik/routes/external/external-routes.toml - open /opt/jfrog/artifactory/var/data/router/traefik/routes/external/external-routes.toml: permission denied
2020-04-22T10:13:08.281Z [jfrou] [ERROR] [                ] [file.go:141                   ] [main                ] - Error occurred during watcher callback: unable to load content configuration from subdirectory &{external %!s(int64=4096) %!s(os.FileMode=2147484141) {%!s(uint64=124688294) %!s(int64=63723145039) %!s(*time.Location=&{UTC [] [] 0 0 <nil>})} {%!s(uint64=2049) %!s(uint64=1705766) %!s(uint64=2) %!s(uint32=16877) %!s(uint32=1000) %!s(uint32=1000) %!s(int32=0) %!s(uint64=0) %!s(int64=4096) %!s(int64=4096) %!s(int64=8) {%!s(int64=1587550388) %!s(int64=276722753)} {%!s(int64=1587548239) %!s(int64=124688294)} {%!s(int64=1587550388) %!s(int64=276722753)} [%!s(int64=0) %!s(int64=0) %!s(int64=0)]}}: error reading configuration file: /opt/jfrog/artifactory/var/data/router/traefik/routes/external/external-routes.toml - open /opt/jfrog/artifactory/var/data/router/traefik/routes/external/external-routes.toml: permission denied
2020-04-22T10:13:08.281Z [jfrou] [ERROR] [                ] [file.go:141                   ] [main                ] - Error occurred during watcher callback: unable to load content configuration from subdirectory &{external %!s(int64=4096) %!s(os.FileMode=2147484141) {%!s(uint64=124688294) %!s(int64=63723145039) %!s(*time.Location=&{UTC [] [] 0 0 <nil>})} {%!s(uint64=2049) %!s(uint64=1705766) %!s(uint64=2) %!s(uint32=16877) %!s(uint32=1000) %!s(uint32=1000) %!s(int32=0) %!s(uint64=0) %!s(int64=4096) %!s(int64=4096) %!s(int64=8) {%!s(int64=1587550388) %!s(int64=276722753)} {%!s(int64=1587548239) %!s(int64=124688294)} {%!s(int64=1587550388) %!s(int64=276722753)} [%!s(int64=0) %!s(int64=0) %!s(int64=0)]}}: error reading configuration file: /opt/jfrog/artifactory/var/data/router/traefik/routes/external/external-routes.toml - open /opt/jfrog/artifactory/var/data/router/traefik/routes/external/external-routes.toml: permission denied
2020-04-22T10:13:08.282Z [jfrou] [ERROR] [                ] [file.go:141                   ] [main                ] - Error occurred during watcher callback: unable to load content configuration from subdirectory &{external %!s(int64=4096) %!s(os.FileMode=2147484141) {%!s(uint64=124688294) %!s(int64=63723145039) %!s(*time.Location=&{UTC [] [] 0 0 <nil>})} {%!s(uint64=2049) %!s(uint64=1705766) %!s(uint64=2) %!s(uint32=16877) %!s(uint32=1000) %!s(uint32=1000) %!s(int32=0) %!s(uint64=0) %!s(int64=4096) %!s(int64=4096) %!s(int64=8) {%!s(int64=1587550388) %!s(int64=276722753)} {%!s(int64=1587548239) %!s(int64=124688294)} {%!s(int64=1587550388) %!s(int64=276722753)} [%!s(int64=0) %!s(int64=0) %!s(int64=0)]}}: error reading configuration file: /opt/jfrog/artifactory/var/data/router/traefik/routes/external/external-routes.toml - open /opt/jfrog/artifactory/var/data/router/traefik/routes/external/external-routes.toml: permission denied
2020-04-22T10:16:29.483Z [jfrou] [INFO ] [                ] [server.go:568                 ] [main                ] - Preparing server api &{Address:localhost:8049 TLS:<nil> Redirect:<nil> Auth:<nil> WhitelistSourceRange:[] WhiteList:<nil> Compress:false ProxyProtocol:<nil> ForwardedHeaders:0xc000611e40} with readTimeout=0s writeTimeout=0s idleTimeout=3m0s
2020-04-22T10:16:29.488Z [jfrou] [INFO ] [                ] [server.go:568                 ] [main                ] - Preparing server external &{Address::8082 TLS:<nil> Redirect:<nil> Auth:<nil> WhitelistSourceRange:[] WhiteList:<nil> Compress:false ProxyProtocol:<nil> ForwardedHeaders:0xc000611e60} with readTimeout=0s writeTimeout=0s idleTimeout=3m0s
2020-04-22T10:16:29.489Z [jfrou] [INFO ] [                ] [server.go:524                 ] [main                ] - Starting server on localhost:8049
2020-04-22T10:16:29.489Z [jfrou] [INFO ] [                ] [server.go:524                 ] [main                ] - Starting server on :8082
2020-04-22T10:16:29.488Z [jfrou] [INFO ] [                ] [server.go:568                 ] [main                ] - Preparing server internal &{Address:localhost:8046 TLS:<nil> Redirect:<nil> Auth:<nil> WhitelistSourceRange:[] WhiteList:<nil> Compress:false ProxyProtocol:<nil> ForwardedHeaders:0xc000611e20} with readTimeout=0s writeTimeout=0s idleTimeout=3m0s
2020-04-22T10:16:29.490Z [jfrou] [INFO ] [                ] [server.go:420                 ] [main                ] - Starting provider configuration.ProviderAggregator {}
2020-04-22T10:16:29.491Z [jfrou] [INFO ] [                ] [provider_aggregator.go:103    ] [main                ] - Starting provider *file.Provider {"Watch":true,"Filename":"","Constraints":null,"Trace":false,"TemplateVersion":0,"DebugLogGeneratedTemplate":false,"Directory":"/opt/jfrog/artifactory/var/data/router/traefik/routes","TraefikFile":""}
2020-04-22T10:16:29.490Z [jfrou] [INFO ] [                ] [server.go:524                 ] [main                ] - Starting server on localhost:8046
2020-04-22T10:16:29.493Z [jfrou] [INFO ] [                ] [server_configuration.go:61    ] [main                ] - Server configuration reloaded on localhost:8049
2020-04-22T10:16:29.493Z [jfrou] [INFO ] [                ] [server_configuration.go:61    ] [main                ] - Server configuration reloaded on :8082
2020-04-22T10:16:29.493Z [jfrou] [INFO ] [                ] [server_configuration.go:61    ] [main                ] - Server configuration reloaded on localhost:8046
2020-04-22T10:16:31.493Z [jfrou] [INFO ] [                ] [server_configuration.go:61    ] [main                ] - Server configuration reloaded on localhost:8049
2020-04-22T10:16:31.493Z [jfrou] [INFO ] [                ] [server_configuration.go:61    ] [main                ] - Server configuration reloaded on :8082
2020-04-22T10:16:31.493Z [jfrou] [INFO ] [                ] [server_configuration.go:61    ] [main                ] - Server configuration reloaded on localhost:8046
2020-04-22T10:16:33.494Z [jfrou] [INFO ] [                ] [server_configuration.go:61    ] [main                ] - Server configuration reloaded on localhost:8049
2020-04-22T10:16:33.494Z [jfrou] [INFO ] [                ] [server_configuration.go:61    ] [main                ] - Server configuration reloaded on :8082
2020-04-22T10:16:33.494Z [jfrou] [INFO ] [                ] [server_configuration.go:61    ] [main                ] - Server configuration reloaded on localhost:8046
2020-04-22T10:16:35.494Z [jfrou] [INFO ] [                ] [server_configuration.go:61    ] [main                ] - Server configuration reloaded on localhost:8046
2020-04-22T10:16:35.495Z [jfrou] [INFO ] [                ] [server_configuration.go:61    ] [main                ] - Server configuration reloaded on localhost:8049
2020-04-22T10:16:35.495Z [jfrou] [INFO ] [                ] [server_configuration.go:61    ] [main                ] - Server configuration reloaded on :8082
2020-04-22T10:16:46.105Z [jfrou] [INFO ] [                ] [server_configuration.go:61    ] [main                ] - Server configuration reloaded on :8082
2020-04-22T10:16:46.106Z [jfrou] [INFO ] [                ] [server_configuration.go:61    ] [main                ] - Server configuration reloaded on localhost:8046
2020-04-22T10:16:46.106Z [jfrou] [INFO ] [                ] [server_configuration.go:61    ] [main                ] - Server configuration reloaded on localhost:8049
2020-04-22T10:16:54.546Z [jfrou] [INFO ] [                ] [server_configuration.go:61    ] [main                ] - Server configuration reloaded on localhost:8049
2020-04-22T10:16:54.546Z [jfrou] [INFO ] [                ] [server_configuration.go:61    ] [main                ] - Server configuration reloaded on :8082
2020-04-22T10:16:54.546Z [jfrou] [INFO ] [                ] [server_configuration.go:61    ] [main                ] - Server configuration reloaded on localhost:8046
2020-04-22T10:16:56.549Z [jfrou] [INFO ] [                ] [server_configuration.go:61    ] [main                ] - Server configuration reloaded on localhost:8049
2020-04-22T10:16:56.549Z [jfrou] [INFO ] [                ] [server_configuration.go:61    ] [main                ] - Server configuration reloaded on :8082
2020-04-22T10:16:56.549Z [jfrou] [INFO ] [                ] [server_configuration.go:61    ] [main                ] - Server configuration reloaded on localhost:8046
2020-04-22T10:59:30.804Z [jfrou] [ERROR] [                ] [file.go:141                   ] [main                ] - Error occurred during watcher callback: unable to load content configuration from subdirectory &{external %!s(int64=4096) %!s(os.FileMode=2147484141) {%!s(uint64=580725981) %!s(int64=63723147389) %!s(*time.Location=&{UTC [] [] 0 0 <nil>})} {%!s(uint64=2049) %!s(uint64=1182091) %!s(uint64=2) %!s(uint32=16877) %!s(uint32=1000) %!s(uint32=1000) %!s(int32=0) %!s(uint64=0) %!s(int64=4096) %!s(int64=4096) %!s(int64=8) {%!s(int64=1587550590) %!s(int64=668725998)} {%!s(int64=1587550589) %!s(int64=580725981)} {%!s(int64=1587553170) %!s(int64=788767367)} [%!s(int64=0) %!s(int64=0) %!s(int64=0)]}}: error reading configuration file: /opt/jfrog/artifactory/var/data/router/traefik/routes/external/external-routes.toml - open /opt/jfrog/artifactory/var/data/router/traefik/routes/external/external-routes.toml: permission denied
2020-04-22T10:59:30.809Z [jfrou] [ERROR] [                ] [file.go:141                   ] [main                ] - Error occurred during watcher callback: unable to load content configuration from subdirectory &{external %!s(int64=4096) %!s(os.FileMode=2147484141) {%!s(uint64=580725981) %!s(int64=63723147389) %!s(*time.Location=&{UTC [] [] 0 0 <nil>})} {%!s(uint64=2049) %!s(uint64=1182091) %!s(uint64=2) %!s(uint32=16877) %!s(uint32=1000) %!s(uint32=1000) %!s(int32=0) %!s(uint64=0) %!s(int64=4096) %!s(int64=4096) %!s(int64=8) {%!s(int64=1587553170) %!s(int64=796767368)} {%!s(int64=1587550589) %!s(int64=580725981)} {%!s(int64=1587553170) %!s(int64=788767367)} [%!s(int64=0) %!s(int64=0) %!s(int64=0)]}}: error reading configuration file: /opt/jfrog/artifactory/var/data/router/traefik/routes/external/external-routes.toml - open /opt/jfrog/artifactory/var/data/router/traefik/routes/external/external-routes.toml: permission denied
2020-04-22T10:59:30.809Z [jfrou] [ERROR] [                ] [file.go:141                   ] [main                ] - Error occurred during watcher callback: unable to load content configuration from subdirectory &{external %!s(int64=4096) %!s(os.FileMode=2147484141) {%!s(uint64=580725981) %!s(int64=63723147389) %!s(*time.Location=&{UTC [] [] 0 0 <nil>})} {%!s(uint64=2049) %!s(uint64=1182091) %!s(uint64=2) %!s(uint32=16877) %!s(uint32=1000) %!s(uint32=1000) %!s(int32=0) %!s(uint64=0) %!s(int64=4096) %!s(int64=4096) %!s(int64=8) {%!s(int64=1587553170) %!s(int64=796767368)} {%!s(int64=1587550589) %!s(int64=580725981)} {%!s(int64=1587553170) %!s(int64=788767367)} [%!s(int64=0) %!s(int64=0) %!s(int64=0)]}}: error reading configuration file: /opt/jfrog/artifactory/var/data/router/traefik/routes/external/external-routes.toml - open /opt/jfrog/artifactory/var/data/router/traefik/routes/external/external-routes.toml: permission denied
2020-04-22T10:59:30.809Z [jfrou] [ERROR] [                ] [file.go:141                   ] [main                ] - Error occurred during watcher callback: unable to load content configuration from subdirectory &{external %!s(int64=4096) %!s(os.FileMode=2147484141) {%!s(uint64=580725981) %!s(int64=63723147389) %!s(*time.Location=&{UTC [] [] 0 0 <nil>})} {%!s(uint64=2049) %!s(uint64=1182091) %!s(uint64=2) %!s(uint32=16877) %!s(uint32=1000) %!s(uint32=1000) %!s(int32=0) %!s(uint64=0) %!s(int64=4096) %!s(int64=4096) %!s(int64=8) {%!s(int64=1587553170) %!s(int64=796767368)} {%!s(int64=1587550589) %!s(int64=580725981)} {%!s(int64=1587553170) %!s(int64=788767367)} [%!s(int64=0) %!s(int64=0) %!s(int64=0)]}}: error reading configuration file: /opt/jfrog/artifactory/var/data/router/traefik/routes/external/external-routes.toml - open /opt/jfrog/artifactory/var/data/router/traefik/routes/external/external-routes.toml: permission denied
2020-04-22T10:59:30.812Z [jfrou] [ERROR] [                ] [file.go:141                   ] [main                ] - Error occurred during watcher callback: unable to load content configuration from subdirectory &{external %!s(int64=4096) %!s(os.FileMode=2147484141) {%!s(uint64=580725981) %!s(int64=63723147389) %!s(*time.Location=&{UTC [] [] 0 0 <nil>})} {%!s(uint64=2049) %!s(uint64=1182091) %!s(uint64=2) %!s(uint32=16877) %!s(uint32=1000) %!s(uint32=1000) %!s(int32=0) %!s(uint64=0) %!s(int64=4096) %!s(int64=4096) %!s(int64=8) {%!s(int64=1587553170) %!s(int64=796767368)} {%!s(int64=1587550589) %!s(int64=580725981)} {%!s(int64=1587553170) %!s(int64=788767367)} [%!s(int64=0) %!s(int64=0) %!s(int64=0)]}}: error reading configuration file: /opt/jfrog/artifactory/var/data/router/traefik/routes/external/external-routes.toml - open /opt/jfrog/artifactory/var/data/router/traefik/routes/external/external-routes.toml: permission denied
2020-04-24T13:44:17.109Z [jfrou] [INFO ] [                ] [server.go:568                 ] [main                ] - Preparing server api &{Address:localhost:8049 TLS:<nil> Redirect:<nil> Auth:<nil> WhitelistSourceRange:[] WhiteList:<nil> Compress:false ProxyProtocol:<nil> ForwardedHeaders:0xc000684ac0} with readTimeout=0s writeTimeout=0s idleTimeout=3m0s
2020-04-24T13:44:17.111Z [jfrou] [INFO ] [                ] [server.go:568                 ] [main                ] - Preparing server external &{Address::8082 TLS:<nil> Redirect:<nil> Auth:<nil> WhitelistSourceRange:[] WhiteList:<nil> Compress:false ProxyProtocol:<nil> ForwardedHeaders:0xc000684a60} with readTimeout=0s writeTimeout=0s idleTimeout=3m0s
2020-04-24T13:44:17.111Z [jfrou] [INFO ] [                ] [server.go:568                 ] [main                ] - Preparing server internal &{Address:localhost:8046 TLS:<nil> Redirect:<nil> Auth:<nil> WhitelistSourceRange:[] WhiteList:<nil> Compress:false ProxyProtocol:<nil> ForwardedHeaders:0xc000684a80} with readTimeout=0s writeTimeout=0s idleTimeout=3m0s
2020-04-24T13:44:17.111Z [jfrou] [INFO ] [                ] [server.go:420                 ] [main                ] - Starting provider configuration.ProviderAggregator {}
2020-04-24T13:44:17.112Z [jfrou] [INFO ] [                ] [server.go:524                 ] [main                ] - Starting server on localhost:8049
2020-04-24T13:44:17.112Z [jfrou] [INFO ] [                ] [server.go:524                 ] [main                ] - Starting server on :8082
2020-04-24T13:44:17.112Z [jfrou] [INFO ] [                ] [server.go:524                 ] [main                ] - Starting server on localhost:8046
2020-04-24T13:44:17.113Z [jfrou] [INFO ] [                ] [provider_aggregator.go:103    ] [main                ] - Starting provider *file.Provider {"Watch":true,"Filename":"","Constraints":null,"Trace":false,"TemplateVersion":0,"DebugLogGeneratedTemplate":false,"Directory":"/opt/jfrog/artifactory/var/data/router/traefik/routes","TraefikFile":""}
2020-04-24T13:44:17.114Z [jfrou] [INFO ] [                ] [server_configuration.go:61    ] [main                ] - Server configuration reloaded on localhost:8049
2020-04-24T13:44:17.115Z [jfrou] [INFO ] [                ] [server_configuration.go:61    ] [main                ] - Server configuration reloaded on :8082
2020-04-24T13:44:17.115Z [jfrou] [INFO ] [                ] [server_configuration.go:61    ] [main                ] - Server configuration reloaded on localhost:8046
2020-04-24T13:44:19.117Z [jfrou] [INFO ] [                ] [server_configuration.go:61    ] [main                ] - Server configuration reloaded on localhost:8049
2020-04-24T13:44:19.117Z [jfrou] [INFO ] [                ] [server_configuration.go:61    ] [main                ] - Server configuration reloaded on :8082
2020-04-24T13:44:19.117Z [jfrou] [INFO ] [                ] [server_configuration.go:61    ] [main                ] - Server configuration reloaded on localhost:8046
2020-04-24T13:44:21.487Z [jfrou] [INFO ] [                ] [server_configuration.go:61    ] [main                ] - Server configuration reloaded on localhost:8049
2020-04-24T13:44:21.487Z [jfrou] [INFO ] [                ] [server_configuration.go:61    ] [main                ] - Server configuration reloaded on :8082
2020-04-24T13:44:21.487Z [jfrou] [INFO ] [                ] [server_configuration.go:61    ] [main                ] - Server configuration reloaded on localhost:8046
2020-04-24T13:44:23.489Z [jfrou] [INFO ] [                ] [server_configuration.go:61    ] [main                ] - Server configuration reloaded on localhost:8046
2020-04-24T13:44:23.489Z [jfrou] [INFO ] [                ] [server_configuration.go:61    ] [main                ] - Server configuration reloaded on localhost:8049
2020-04-24T13:44:23.490Z [jfrou] [INFO ] [                ] [server_configuration.go:61    ] [main                ] - Server configuration reloaded on :8082
2020-04-24T13:44:29.010Z [jfrou] [INFO ] [                ] [server_configuration.go:61    ] [main                ] - Server configuration reloaded on localhost:8049
2020-04-24T13:44:29.011Z [jfrou] [INFO ] [                ] [server_configuration.go:61    ] [main                ] - Server configuration reloaded on :8082
2020-04-24T13:44:29.011Z [jfrou] [INFO ] [                ] [server_configuration.go:61    ] [main                ] - Server configuration reloaded on localhost:8046
2020-04-24T13:44:37.155Z [jfrou] [INFO ] [                ] [server_configuration.go:61    ] [main                ] - Server configuration reloaded on localhost:8046
2020-04-24T13:44:37.155Z [jfrou] [INFO ] [                ] [server_configuration.go:61    ] [main                ] - Server configuration reloaded on localhost:8049
2020-04-24T13:44:37.155Z [jfrou] [INFO ] [                ] [server_configuration.go:61    ] [main                ] - Server configuration reloaded on :8082
2020-04-24T13:44:39.157Z [jfrou] [INFO ] [                ] [server_configuration.go:61    ] [main                ] - Server configuration reloaded on localhost:8049
2020-04-24T13:44:39.157Z [jfrou] [INFO ] [                ] [server_configuration.go:61    ] [main                ] - Server configuration reloaded on :8082
2020-04-24T13:44:39.157Z [jfrou] [INFO ] [                ] [server_configuration.go:61    ] [main                ] - Server configuration reloaded on localhost:8046
2020-04-27T11:35:54.276Z [jfrou] [INFO ] [                ] [server.go:568                 ] [main                ] - Preparing server api &{Address:localhost:8049 TLS:<nil> Redirect:<nil> Auth:<nil> WhitelistSourceRange:[] WhiteList:<nil> Compress:false ProxyProtocol:<nil> ForwardedHeaders:0xc00067a100} with readTimeout=0s writeTimeout=0s idleTimeout=3m0s
2020-04-27T11:35:54.279Z [jfrou] [INFO ] [                ] [server.go:568                 ] [main                ] - Preparing server external &{Address::8082 TLS:<nil> Redirect:<nil> Auth:<nil> WhitelistSourceRange:[] WhiteList:<nil> Compress:false ProxyProtocol:<nil> ForwardedHeaders:0xc00067a120} with readTimeout=0s writeTimeout=0s idleTimeout=3m0s
2020-04-27T11:35:54.280Z [jfrou] [INFO ] [                ] [server.go:524                 ] [main                ] - Starting server on localhost:8049
2020-04-27T11:35:54.280Z [jfrou] [INFO ] [                ] [server.go:568                 ] [main                ] - Preparing server internal &{Address:localhost:8046 TLS:<nil> Redirect:<nil> Auth:<nil> WhitelistSourceRange:[] WhiteList:<nil> Compress:false ProxyProtocol:<nil> ForwardedHeaders:0xc00067a0e0} with readTimeout=0s writeTimeout=0s idleTimeout=3m0s
2020-04-27T11:35:54.280Z [jfrou] [INFO ] [                ] [server.go:420                 ] [main                ] - Starting provider configuration.ProviderAggregator {}
2020-04-27T11:35:54.280Z [jfrou] [INFO ] [                ] [server.go:524                 ] [main                ] - Starting server on :8082
2020-04-27T11:35:54.280Z [jfrou] [INFO ] [                ] [server.go:524                 ] [main                ] - Starting server on localhost:8046
2020-04-27T11:35:54.281Z [jfrou] [INFO ] [                ] [provider_aggregator.go:103    ] [main                ] - Starting provider *file.Provider {"Watch":true,"Filename":"","Constraints":null,"Trace":false,"TemplateVersion":0,"DebugLogGeneratedTemplate":false,"Directory":"/opt/jfrog/artifactory/var/data/router/traefik/routes","TraefikFile":""}
2020-04-27T11:35:54.285Z [jfrou] [INFO ] [                ] [server_configuration.go:61    ] [main                ] - Server configuration reloaded on :8082
2020-04-27T11:35:54.285Z [jfrou] [INFO ] [                ] [server_configuration.go:61    ] [main                ] - Server configuration reloaded on localhost:8046
2020-04-27T11:35:54.285Z [jfrou] [INFO ] [                ] [server_configuration.go:61    ] [main                ] - Server configuration reloaded on localhost:8049
2020-04-27T11:35:56.284Z [jfrou] [INFO ] [                ] [server_configuration.go:61    ] [main                ] - Server configuration reloaded on localhost:8049
2020-04-27T11:35:56.285Z [jfrou] [INFO ] [                ] [server_configuration.go:61    ] [main                ] - Server configuration reloaded on :8082
2020-04-27T11:35:56.285Z [jfrou] [INFO ] [                ] [server_configuration.go:61    ] [main                ] - Server configuration reloaded on localhost:8046
2020-04-27T11:36:00.441Z [jfrou] [INFO ] [                ] [server_configuration.go:61    ] [main                ] - Server configuration reloaded on localhost:8049
2020-04-27T11:36:00.441Z [jfrou] [INFO ] [                ] [server_configuration.go:61    ] [main                ] - Server configuration reloaded on :8082
2020-04-27T11:36:00.442Z [jfrou] [INFO ] [                ] [server_configuration.go:61    ] [main                ] - Server configuration reloaded on localhost:8046
2020-04-27T11:36:02.442Z [jfrou] [INFO ] [                ] [server_configuration.go:61    ] [main                ] - Server configuration reloaded on localhost:8049
2020-04-27T11:36:02.442Z [jfrou] [INFO ] [                ] [server_configuration.go:61    ] [main                ] - Server configuration reloaded on :8082
2020-04-27T11:36:02.442Z [jfrou] [INFO ] [                ] [server_configuration.go:61    ] [main                ] - Server configuration reloaded on localhost:8046
2020-04-27T11:36:08.327Z [jfrou] [INFO ] [                ] [server_configuration.go:61    ] [main                ] - Server configuration reloaded on localhost:8046
2020-04-27T11:36:08.327Z [jfrou] [INFO ] [                ] [server_configuration.go:61    ] [main                ] - Server configuration reloaded on localhost:8049
2020-04-27T11:36:08.328Z [jfrou] [INFO ] [                ] [server_configuration.go:61    ] [main                ] - Server configuration reloaded on :8082
2020-04-27T11:36:19.316Z [jfrou] [INFO ] [                ] [server_configuration.go:61    ] [main                ] - Server configuration reloaded on localhost:8049
2020-04-27T11:36:19.316Z [jfrou] [INFO ] [                ] [server_configuration.go:61    ] [main                ] - Server configuration reloaded on :8082
2020-04-27T11:36:19.316Z [jfrou] [INFO ] [                ] [server_configuration.go:61    ] [main                ] - Server configuration reloaded on localhost:8046
2020-04-27T11:36:21.327Z [jfrou] [INFO ] [                ] [server_configuration.go:61    ] [main                ] - Server configuration reloaded on localhost:8046
2020-04-27T11:36:21.327Z [jfrou] [INFO ] [                ] [server_configuration.go:61    ] [main                ] - Server configuration reloaded on localhost:8049
2020-04-27T11:36:21.328Z [jfrou] [INFO ] [                ] [server_configuration.go:61    ] [main                ] - Server configuration reloaded on :8082
2020-05-08T16:37:54.492Z [jfrou] [INFO ] [                ] [server.go:568                 ] [main                ] - Preparing server internal &{Address:localhost:8046 TLS:<nil> Redirect:<nil> Auth:<nil> WhitelistSourceRange:[] WhiteList:<nil> Compress:false ProxyProtocol:<nil> ForwardedHeaders:0xc000628a60} with readTimeout=0s writeTimeout=0s idleTimeout=3m0s
2020-05-08T16:37:54.498Z [jfrou] [INFO ] [                ] [server.go:568                 ] [main                ] - Preparing server api &{Address:localhost:8049 TLS:<nil> Redirect:<nil> Auth:<nil> WhitelistSourceRange:[] WhiteList:<nil> Compress:false ProxyProtocol:<nil> ForwardedHeaders:0xc000628a80} with readTimeout=0s writeTimeout=0s idleTimeout=3m0s
2020-05-08T16:37:54.501Z [jfrou] [INFO ] [                ] [server.go:568                 ] [main                ] - Preparing server external &{Address::8082 TLS:<nil> Redirect:<nil> Auth:<nil> WhitelistSourceRange:[] WhiteList:<nil> Compress:false ProxyProtocol:<nil> ForwardedHeaders:0xc000628aa0} with readTimeout=0s writeTimeout=0s idleTimeout=3m0s
2020-05-08T16:37:54.501Z [jfrou] [INFO ] [                ] [server.go:524                 ] [main                ] - Starting server on localhost:8046
2020-05-08T16:37:54.501Z [jfrou] [INFO ] [                ] [server.go:524                 ] [main                ] - Starting server on localhost:8049
2020-05-08T16:37:54.501Z [jfrou] [INFO ] [                ] [server.go:524                 ] [main                ] - Starting server on :8082
2020-05-08T16:37:54.502Z [jfrou] [INFO ] [                ] [server.go:420                 ] [main                ] - Starting provider configuration.ProviderAggregator {}
2020-05-08T16:37:54.503Z [jfrou] [INFO ] [                ] [provider_aggregator.go:103    ] [main                ] - Starting provider *file.Provider {"Watch":true,"Filename":"","Constraints":null,"Trace":false,"TemplateVersion":0,"DebugLogGeneratedTemplate":false,"Directory":"/opt/jfrog/artifactory/var/data/router/traefik/routes","TraefikFile":""}
2020-05-08T16:37:54.513Z [jfrou] [INFO ] [                ] [server_configuration.go:61    ] [main                ] - Server configuration reloaded on localhost:8046
2020-05-08T16:37:54.513Z [jfrou] [INFO ] [                ] [server_configuration.go:61    ] [main                ] - Server configuration reloaded on localhost:8049
2020-05-08T16:37:54.513Z [jfrou] [INFO ] [                ] [server_configuration.go:61    ] [main                ] - Server configuration reloaded on :8082
2020-05-08T16:37:56.513Z [jfrou] [INFO ] [                ] [server_configuration.go:61    ] [main                ] - Server configuration reloaded on localhost:8046
2020-05-08T16:37:56.513Z [jfrou] [INFO ] [                ] [server_configuration.go:61    ] [main                ] - Server configuration reloaded on localhost:8049
2020-05-08T16:37:56.513Z [jfrou] [INFO ] [                ] [server_configuration.go:61    ] [main                ] - Server configuration reloaded on :8082
2020-05-08T16:38:00.934Z [jfrou] [INFO ] [                ] [server_configuration.go:61    ] [main                ] - Server configuration reloaded on localhost:8046
2020-05-08T16:38:00.934Z [jfrou] [INFO ] [                ] [server_configuration.go:61    ] [main                ] - Server configuration reloaded on localhost:8049
2020-05-08T16:38:00.934Z [jfrou] [INFO ] [                ] [server_configuration.go:61    ] [main                ] - Server configuration reloaded on :8082
2020-05-08T16:38:02.934Z [jfrou] [INFO ] [                ] [server_configuration.go:61    ] [main                ] - Server configuration reloaded on localhost:8046
2020-05-08T16:38:02.934Z [jfrou] [INFO ] [                ] [server_configuration.go:61    ] [main                ] - Server configuration reloaded on localhost:8049
2020-05-08T16:38:02.934Z [jfrou] [INFO ] [                ] [server_configuration.go:61    ] [main                ] - Server configuration reloaded on :8082
2020-05-08T16:38:11.595Z [jfrou] [INFO ] [                ] [server_configuration.go:61    ] [main                ] - Server configuration reloaded on localhost:8046
2020-05-08T16:38:11.600Z [jfrou] [INFO ] [                ] [server_configuration.go:61    ] [main                ] - Server configuration reloaded on localhost:8049
2020-05-08T16:38:11.601Z [jfrou] [INFO ] [                ] [server_configuration.go:61    ] [main                ] - Server configuration reloaded on :8082
2020-05-08T16:38:19.543Z [jfrou] [INFO ] [                ] [server_configuration.go:61    ] [main                ] - Server configuration reloaded on localhost:8046
2020-05-08T16:38:19.544Z [jfrou] [INFO ] [                ] [server_configuration.go:61    ] [main                ] - Server configuration reloaded on localhost:8049
2020-05-08T16:38:19.544Z [jfrou] [INFO ] [                ] [server_configuration.go:61    ] [main                ] - Server configuration reloaded on :8082
2020-05-08T16:38:21.607Z [jfrou] [INFO ] [                ] [server_configuration.go:61    ] [main                ] - Server configuration reloaded on localhost:8046
2020-05-08T16:38:21.608Z [jfrou] [INFO ] [                ] [server_configuration.go:61    ] [main                ] - Server configuration reloaded on localhost:8049
2020-05-08T16:38:21.610Z [jfrou] [INFO ] [                ] [server_configuration.go:61    ] [main                ] - Server configuration reloaded on :8082
2020-05-13T09:48:19.357Z [jfrou] [INFO ] [                ] [server_configuration.go:61    ] [main                ] - Server configuration reloaded on localhost:8046
2020-05-13T09:48:19.366Z [jfrou] [INFO ] [                ] [server_configuration.go:61    ] [main                ] - Server configuration reloaded on localhost:8049
2020-05-13T09:48:19.366Z [jfrou] [INFO ] [                ] [server_configuration.go:61    ] [main                ] - Server configuration reloaded on :8082
2020-05-13T09:48:25.301Z [jfrou] [INFO ] [                ] [server_configuration.go:61    ] [main                ] - Server configuration reloaded on localhost:8046
2020-05-13T09:48:25.304Z [jfrou] [INFO ] [                ] [server_configuration.go:61    ] [main                ] - Server configuration reloaded on localhost:8049
2020-05-13T09:48:25.304Z [jfrou] [INFO ] [                ] [server_configuration.go:61    ] [main                ] - Server configuration reloaded on :8082
2020-05-13T11:50:10.588Z [jfrou] [INFO ] [                ] [server.go:568                 ] [main                ] - Preparing server external &{Address::8082 TLS:<nil> Redirect:<nil> Auth:<nil> WhitelistSourceRange:[] WhiteList:<nil> Compress:false ProxyProtocol:<nil> ForwardedHeaders:0xc0006faee0} with readTimeout=0s writeTimeout=0s idleTimeout=3m0s
2020-05-13T11:50:10.589Z [jfrou] [INFO ] [                ] [server.go:568                 ] [main                ] - Preparing server internal &{Address:localhost:8046 TLS:<nil> Redirect:<nil> Auth:<nil> WhitelistSourceRange:[] WhiteList:<nil> Compress:false ProxyProtocol:<nil> ForwardedHeaders:0xc0006faf00} with readTimeout=0s writeTimeout=0s idleTimeout=3m0s
2020-05-13T11:50:10.589Z [jfrou] [INFO ] [                ] [server.go:568                 ] [main                ] - Preparing server api &{Address:localhost:8049 TLS:<nil> Redirect:<nil> Auth:<nil> WhitelistSourceRange:[] WhiteList:<nil> Compress:false ProxyProtocol:<nil> ForwardedHeaders:0xc0006faec0} with readTimeout=0s writeTimeout=0s idleTimeout=3m0s
2020-05-13T11:50:10.590Z [jfrou] [INFO ] [                ] [server.go:524                 ] [main                ] - Starting server on :8082
2020-05-13T11:50:10.590Z [jfrou] [INFO ] [                ] [server.go:524                 ] [main                ] - Starting server on localhost:8046
2020-05-13T11:50:10.591Z [jfrou] [INFO ] [                ] [server.go:524                 ] [main                ] - Starting server on localhost:8049
2020-05-13T11:50:10.592Z [jfrou] [INFO ] [                ] [server.go:420                 ] [main                ] - Starting provider configuration.ProviderAggregator {}
2020-05-13T11:50:10.592Z [jfrou] [INFO ] [                ] [provider_aggregator.go:103    ] [main                ] - Starting provider *file.Provider {"Watch":true,"Filename":"","Constraints":null,"Trace":false,"TemplateVersion":0,"DebugLogGeneratedTemplate":false,"Directory":"/opt/jfrog/artifactory/var/data/router/traefik/routes","TraefikFile":""}
2020-05-13T11:50:10.595Z [jfrou] [INFO ] [                ] [server_configuration.go:61    ] [main                ] - Server configuration reloaded on :8082
2020-05-13T11:50:10.595Z [jfrou] [INFO ] [                ] [server_configuration.go:61    ] [main                ] - Server configuration reloaded on localhost:8046
2020-05-13T11:50:10.595Z [jfrou] [INFO ] [                ] [server_configuration.go:61    ] [main                ] - Server configuration reloaded on localhost:8049
2020-05-13T11:50:12.597Z [jfrou] [INFO ] [                ] [server_configuration.go:61    ] [main                ] - Server configuration reloaded on localhost:8049
2020-05-13T11:50:12.597Z [jfrou] [INFO ] [                ] [server_configuration.go:61    ] [main                ] - Server configuration reloaded on :8082
2020-05-13T11:50:12.598Z [jfrou] [INFO ] [                ] [server_configuration.go:61    ] [main                ] - Server configuration reloaded on localhost:8046
2020-05-13T11:50:15.760Z [jfrou] [INFO ] [                ] [server_configuration.go:61    ] [main                ] - Server configuration reloaded on localhost:8046
2020-05-13T11:50:15.760Z [jfrou] [INFO ] [                ] [server_configuration.go:61    ] [main                ] - Server configuration reloaded on localhost:8049
2020-05-13T11:50:15.761Z [jfrou] [INFO ] [                ] [server_configuration.go:61    ] [main                ] - Server configuration reloaded on :8082
2020-05-13T11:50:17.761Z [jfrou] [INFO ] [                ] [server_configuration.go:61    ] [main                ] - Server configuration reloaded on localhost:8046
2020-05-13T11:50:17.761Z [jfrou] [INFO ] [                ] [server_configuration.go:61    ] [main                ] - Server configuration reloaded on localhost:8049
2020-05-13T11:50:17.761Z [jfrou] [INFO ] [                ] [server_configuration.go:61    ] [main                ] - Server configuration reloaded on :8082
2020-05-13T11:50:23.082Z [jfrou] [INFO ] [                ] [server_configuration.go:61    ] [main                ] - Server configuration reloaded on localhost:8049
2020-05-13T11:50:23.082Z [jfrou] [INFO ] [                ] [server_configuration.go:61    ] [main                ] - Server configuration reloaded on :8082
2020-05-13T11:50:23.082Z [jfrou] [INFO ] [                ] [server_configuration.go:61    ] [main                ] - Server configuration reloaded on localhost:8046
2020-05-13T11:50:30.612Z [jfrou] [INFO ] [                ] [server_configuration.go:61    ] [main                ] - Server configuration reloaded on localhost:8046
2020-05-13T11:50:30.612Z [jfrou] [INFO ] [                ] [server_configuration.go:61    ] [main                ] - Server configuration reloaded on localhost:8049
2020-05-13T11:50:30.612Z [jfrou] [INFO ] [                ] [server_configuration.go:61    ] [main                ] - Server configuration reloaded on :8082
2020-05-13T11:50:32.615Z [jfrou] [INFO ] [                ] [server_configuration.go:61    ] [main                ] - Server configuration reloaded on localhost:8049
2020-05-13T11:50:32.615Z [jfrou] [INFO ] [                ] [server_configuration.go:61    ] [main                ] - Server configuration reloaded on :8082
2020-05-13T11:50:32.615Z [jfrou] [INFO ] [                ] [server_configuration.go:61    ] [main                ] - Server configuration reloaded on localhost:8046
2020-09-16T16:44:59.195Z [jfrou] [INFO ] [                ] [server.go:577                 ] [main                ] - Preparing server internal &{Address:localhost:8046 TLS:<nil> Redirect:<nil> Auth:<nil> WhitelistSourceRange:[] WhiteList:<nil> Compress:false ProxyProtocol:<nil> ForwardedHeaders:0xc000883520} with readTimeout=0s writeTimeout=0s idleTimeout=3m0s
2020-09-16T16:44:59.197Z [jfrou] [INFO ] [                ] [server.go:577                 ] [main                ] - Preparing server api &{Address:localhost:8049 TLS:<nil> Redirect:<nil> Auth:<nil> WhitelistSourceRange:[] WhiteList:<nil> Compress:false ProxyProtocol:<nil> ForwardedHeaders:0xc000883540} with readTimeout=0s writeTimeout=0s idleTimeout=3m0s
2020-09-16T16:44:59.197Z [jfrou] [INFO ] [                ] [server.go:577                 ] [main                ] - Preparing server external &{Address::8082 TLS:<nil> Redirect:<nil> Auth:<nil> WhitelistSourceRange:[] WhiteList:<nil> Compress:false ProxyProtocol:<nil> ForwardedHeaders:0xc000883560} with readTimeout=0s writeTimeout=0s idleTimeout=3m0s
2020-09-16T16:44:59.198Z [jfrou] [INFO ] [                ] [server.go:423                 ] [main                ] - Starting provider configuration.ProviderAggregator {}
2020-09-16T16:44:59.206Z [jfrou] [INFO ] [                ] [server.go:533                 ] [main                ] - Starting server on localhost:8046
2020-09-16T16:44:59.206Z [jfrou] [INFO ] [                ] [provider_aggregator.go:103    ] [main                ] - Starting provider *file.Provider {"Watch":true,"Filename":"","Constraints":null,"Trace":false,"TemplateVersion":0,"DebugLogGeneratedTemplate":false,"Directory":"/opt/jfrog/artifactory/var/data/router/traefik/routes","TraefikFile":""}
2020-09-16T16:44:59.206Z [jfrou] [INFO ] [                ] [server.go:533                 ] [main                ] - Starting server on :8082
2020-09-16T16:44:59.207Z [jfrou] [INFO ] [                ] [server.go:533                 ] [main                ] - Starting server on localhost:8049
2020-09-16T16:44:59.219Z [jfrou] [INFO ] [                ] [server_configuration.go:61    ] [main                ] - Server configuration reloaded on localhost:8046
2020-09-16T16:44:59.219Z [jfrou] [INFO ] [                ] [server_configuration.go:61    ] [main                ] - Server configuration reloaded on localhost:8049
2020-09-16T16:44:59.219Z [jfrou] [INFO ] [                ] [server_configuration.go:61    ] [main                ] - Server configuration reloaded on :8082
2020-09-16T16:45:01.218Z [jfrou] [INFO ] [                ] [server_configuration.go:61    ] [main                ] - Server configuration reloaded on localhost:8046
2020-09-16T16:45:01.218Z [jfrou] [INFO ] [                ] [server_configuration.go:61    ] [main                ] - Server configuration reloaded on localhost:8049
2020-09-16T16:45:01.218Z [jfrou] [INFO ] [                ] [server_configuration.go:61    ] [main                ] - Server configuration reloaded on :8082
2020-09-16T16:45:03.219Z [jfrou] [INFO ] [                ] [server_configuration.go:61    ] [main                ] - Server configuration reloaded on localhost:8046
2020-09-16T16:45:03.219Z [jfrou] [INFO ] [                ] [server_configuration.go:61    ] [main                ] - Server configuration reloaded on localhost:8049
2020-09-16T16:45:03.219Z [jfrou] [INFO ] [                ] [server_configuration.go:61    ] [main                ] - Server configuration reloaded on :8082
2020-09-16T16:45:05.220Z [jfrou] [INFO ] [                ] [server_configuration.go:61    ] [main                ] - Server configuration reloaded on localhost:8049
2020-09-16T16:45:05.220Z [jfrou] [INFO ] [                ] [server_configuration.go:61    ] [main                ] - Server configuration reloaded on :8082
2020-09-16T16:45:05.220Z [jfrou] [INFO ] [                ] [server_configuration.go:61    ] [main                ] - Server configuration reloaded on localhost:8046
2020-09-16T16:45:09.648Z [jfrou] [INFO ] [                ] [server_configuration.go:61    ] [main                ] - Server configuration reloaded on :8082
2020-09-16T16:45:09.648Z [jfrou] [INFO ] [                ] [server_configuration.go:61    ] [main                ] - Server configuration reloaded on localhost:8046
2020-09-16T16:45:09.648Z [jfrou] [INFO ] [                ] [server_configuration.go:61    ] [main                ] - Server configuration reloaded on localhost:8049
2020-09-16T16:45:14.263Z [jfrou] [INFO ] [                ] [server_configuration.go:61    ] [main                ] - Server configuration reloaded on :8082
2020-09-16T16:45:14.263Z [jfrou] [INFO ] [                ] [server_configuration.go:61    ] [main                ] - Server configuration reloaded on localhost:8046
2020-09-16T16:45:14.263Z [jfrou] [INFO ] [                ] [server_configuration.go:61    ] [main                ] - Server configuration reloaded on localhost:8049
2020-09-16T16:45:17.466Z [jfrou] [INFO ] [                ] [server_configuration.go:61    ] [main                ] - Server configuration reloaded on localhost:8046
2020-09-16T16:45:17.466Z [jfrou] [INFO ] [                ] [server_configuration.go:61    ] [main                ] - Server configuration reloaded on localhost:8049
2020-09-16T16:45:17.466Z [jfrou] [INFO ] [                ] [server_configuration.go:61    ] [main                ] - Server configuration reloaded on :8082
2020-09-16T16:45:20.881Z [jfrou] [INFO ] [                ] [server_configuration.go:61    ] [main                ] - Server configuration reloaded on localhost:8046
2020-09-16T16:45:20.881Z [jfrou] [INFO ] [                ] [server_configuration.go:61    ] [main                ] - Server configuration reloaded on localhost:8049
2020-09-16T16:45:20.882Z [jfrou] [INFO ] [                ] [server_configuration.go:61    ] [main                ] - Server configuration reloaded on :8082
2020-09-16T16:46:28.871Z [jfrou] [INFO ] [                ] [server.go:577                 ] [main                ] - Preparing server external &{Address::8082 TLS:<nil> Redirect:<nil> Auth:<nil> WhitelistSourceRange:[] WhiteList:<nil> Compress:false ProxyProtocol:<nil> ForwardedHeaders:0xc00038f200} with readTimeout=0s writeTimeout=0s idleTimeout=3m0s
2020-09-16T16:46:28.871Z [jfrou] [INFO ] [                ] [server.go:577                 ] [main                ] - Preparing server internal &{Address:localhost:8046 TLS:<nil> Redirect:<nil> Auth:<nil> WhitelistSourceRange:[] WhiteList:<nil> Compress:false ProxyProtocol:<nil> ForwardedHeaders:0xc00038f220} with readTimeout=0s writeTimeout=0s idleTimeout=3m0s
2020-09-16T16:46:28.871Z [jfrou] [INFO ] [                ] [server.go:533                 ] [main                ] - Starting server on :8082
2020-09-16T16:46:28.871Z [jfrou] [INFO ] [                ] [server.go:577                 ] [main                ] - Preparing server api &{Address:localhost:8049 TLS:<nil> Redirect:<nil> Auth:<nil> WhitelistSourceRange:[] WhiteList:<nil> Compress:false ProxyProtocol:<nil> ForwardedHeaders:0xc00038f1e0} with readTimeout=0s writeTimeout=0s idleTimeout=3m0s
2020-09-16T16:46:28.871Z [jfrou] [INFO ] [                ] [server.go:533                 ] [main                ] - Starting server on localhost:8046
2020-09-16T16:46:28.872Z [jfrou] [INFO ] [                ] [server.go:423                 ] [main                ] - Starting provider configuration.ProviderAggregator {}
2020-09-16T16:46:28.872Z [jfrou] [INFO ] [                ] [server.go:533                 ] [main                ] - Starting server on localhost:8049
2020-09-16T16:46:28.872Z [jfrou] [INFO ] [                ] [provider_aggregator.go:103    ] [main                ] - Starting provider *file.Provider {"Watch":true,"Filename":"","Constraints":null,"Trace":false,"TemplateVersion":0,"DebugLogGeneratedTemplate":false,"Directory":"/opt/jfrog/artifactory/var/data/router/traefik/routes","TraefikFile":""}
2020-09-16T16:46:28.873Z [jfrou] [INFO ] [                ] [server_configuration.go:61    ] [main                ] - Server configuration reloaded on localhost:8049
2020-09-16T16:46:28.873Z [jfrou] [INFO ] [                ] [server_configuration.go:61    ] [main                ] - Server configuration reloaded on :8082
2020-09-16T16:46:28.873Z [jfrou] [INFO ] [                ] [server_configuration.go:61    ] [main                ] - Server configuration reloaded on localhost:8046
2020-09-16T16:46:30.873Z [jfrou] [INFO ] [                ] [server_configuration.go:61    ] [main                ] - Server configuration reloaded on localhost:8049
2020-09-16T16:46:30.873Z [jfrou] [INFO ] [                ] [server_configuration.go:61    ] [main                ] - Server configuration reloaded on :8082
2020-09-16T16:46:30.873Z [jfrou] [INFO ] [                ] [server_configuration.go:61    ] [main                ] - Server configuration reloaded on localhost:8046
2020-09-16T16:46:32.880Z [jfrou] [INFO ] [                ] [server_configuration.go:61    ] [main                ] - Server configuration reloaded on localhost:8049
2020-09-16T16:46:32.881Z [jfrou] [INFO ] [                ] [server_configuration.go:61    ] [main                ] - Server configuration reloaded on :8082
2020-09-16T16:46:32.881Z [jfrou] [INFO ] [                ] [server_configuration.go:61    ] [main                ] - Server configuration reloaded on localhost:8046
2020-09-16T16:46:34.881Z [jfrou] [INFO ] [                ] [server_configuration.go:61    ] [main                ] - Server configuration reloaded on :8082
2020-09-16T16:46:34.881Z [jfrou] [INFO ] [                ] [server_configuration.go:61    ] [main                ] - Server configuration reloaded on localhost:8046
2020-09-16T16:46:34.881Z [jfrou] [INFO ] [                ] [server_configuration.go:61    ] [main                ] - Server configuration reloaded on localhost:8049
2020-09-16T16:46:39.566Z [jfrou] [INFO ] [                ] [server_configuration.go:61    ] [main                ] - Server configuration reloaded on localhost:8049
2020-09-16T16:46:39.566Z [jfrou] [INFO ] [                ] [server_configuration.go:61    ] [main                ] - Server configuration reloaded on :8082
2020-09-16T16:46:39.566Z [jfrou] [INFO ] [                ] [server_configuration.go:61    ] [main                ] - Server configuration reloaded on localhost:8046
2020-09-16T16:46:48.900Z [jfrou] [INFO ] [                ] [server_configuration.go:61    ] [main                ] - Server configuration reloaded on :8082
2020-09-16T16:46:48.901Z [jfrou] [INFO ] [                ] [server_configuration.go:61    ] [main                ] - Server configuration reloaded on localhost:8046
2020-09-16T16:46:48.901Z [jfrou] [INFO ] [                ] [server_configuration.go:61    ] [main                ] - Server configuration reloaded on localhost:8049
2020-09-16T16:46:50.902Z [jfrou] [INFO ] [                ] [server_configuration.go:61    ] [main                ] - Server configuration reloaded on localhost:8049
2020-09-16T16:46:50.902Z [jfrou] [INFO ] [                ] [server_configuration.go:61    ] [main                ] - Server configuration reloaded on :8082
2020-09-16T16:46:50.902Z [jfrou] [INFO ] [                ] [server_configuration.go:61    ] [main                ] - Server configuration reloaded on localhost:8046
2020-09-16T17:31:16.152Z [jfrou] [INFO ] [                ] [server_configuration.go:325   ] [main                ] - Skipping same configuration for provider file
2020-09-16T17:31:16.152Z [jfrou] [INFO ] [                ] [server_configuration.go:325   ] [main                ] - Skipping same configuration for provider file
2020-09-16T17:31:16.156Z [jfrou] [INFO ] [                ] [server_configuration.go:325   ] [main                ] - Skipping same configuration for provider file
2020-09-16T17:31:16.159Z [jfrou] [INFO ] [                ] [server_configuration.go:325   ] [main                ] - Skipping same configuration for provider file
2020-09-16T17:31:16.161Z [jfrou] [INFO ] [                ] [server_configuration.go:325   ] [main                ] - Skipping same configuration for provider file
2020-09-16T17:32:56.749Z [jfrou] [INFO ] [                ] [server_configuration.go:325   ] [main                ] - Skipping same configuration for provider file
2020-09-16T17:32:56.753Z [jfrou] [INFO ] [                ] [server_configuration.go:325   ] [main                ] - Skipping same configuration for provider file
2020-09-16T17:32:56.757Z [jfrou] [INFO ] [                ] [server_configuration.go:325   ] [main                ] - Skipping same configuration for provider file
2020-09-16T17:32:56.760Z [jfrou] [INFO ] [                ] [server_configuration.go:325   ] [main                ] - Skipping same configuration for provider file
2020-09-16T17:32:56.762Z [jfrou] [INFO ] [                ] [server_configuration.go:325   ] [main                ] - Skipping same configuration for provider file
2020-09-16T17:35:15.176Z [jfrou] [INFO ] [                ] [server_configuration.go:325   ] [main                ] - Skipping same configuration for provider file
2020-09-16T17:35:15.176Z [jfrou] [INFO ] [                ] [server_configuration.go:325   ] [main                ] - Skipping same configuration for provider file
2020-09-16T17:35:15.177Z [jfrou] [INFO ] [                ] [server_configuration.go:325   ] [main                ] - Skipping same configuration for provider file
2020-09-16T17:35:15.180Z [jfrou] [INFO ] [                ] [server_configuration.go:325   ] [main                ] - Skipping same configuration for provider file
2020-09-16T17:35:15.183Z [jfrou] [INFO ] [                ] [server_configuration.go:325   ] [main                ] - Skipping same configuration for provider file
2021-05-05T12:31:29.147Z [jfrou] [INFO ] [                ] [server.go:577                 ] [main                ] - Preparing server external &{Address::8082 TLS:<nil> Redirect:<nil> Auth:<nil> WhitelistSourceRange:[] WhiteList:<nil> Compress:false ProxyProtocol:<nil> ForwardedHeaders:0xc00000ff20} with readTimeout=0s writeTimeout=0s idleTimeout=3m0s
2021-05-05T12:31:29.157Z [jfrou] [INFO ] [                ] [server.go:577                 ] [main                ] - Preparing server internal &{Address:localhost:8046 TLS:<nil> Redirect:<nil> Auth:<nil> WhitelistSourceRange:[] WhiteList:<nil> Compress:false ProxyProtocol:<nil> ForwardedHeaders:0xc00000ff60} with readTimeout=0s writeTimeout=0s idleTimeout=3m0s
2021-05-05T12:31:29.158Z [jfrou] [INFO ] [                ] [server.go:533                 ] [main                ] - Starting server on :8082
2021-05-05T12:31:29.158Z [jfrou] [INFO ] [                ] [server.go:577                 ] [main                ] - Preparing server api &{Address:localhost:8049 TLS:<nil> Redirect:<nil> Auth:<nil> WhitelistSourceRange:[] WhiteList:<nil> Compress:false ProxyProtocol:<nil> ForwardedHeaders:0xc00000ff00} with readTimeout=0s writeTimeout=0s idleTimeout=3m0s
2021-05-05T12:31:29.159Z [jfrou] [INFO ] [                ] [server.go:533                 ] [main                ] - Starting server on localhost:8046
2021-05-05T12:31:29.160Z [jfrou] [INFO ] [                ] [server.go:423                 ] [main                ] - Starting provider configuration.ProviderAggregator {}
2021-05-05T12:31:29.160Z [jfrou] [INFO ] [                ] [server.go:533                 ] [main                ] - Starting server on localhost:8049
2021-05-05T12:31:29.161Z [jfrou] [INFO ] [                ] [provider_aggregator.go:103    ] [main                ] - Starting provider *file.Provider {"Watch":true,"Filename":"","Constraints":null,"Trace":false,"TemplateVersion":0,"DebugLogGeneratedTemplate":false,"Directory":"/opt/jfrog/artifactory/var/data/router/traefik/routes","TraefikFile":""}
2021-05-05T12:31:29.163Z [jfrou] [INFO ] [                ] [server_configuration.go:61    ] [main                ] - Server configuration reloaded on localhost:8049
2021-05-05T12:31:29.163Z [jfrou] [INFO ] [                ] [server_configuration.go:61    ] [main                ] - Server configuration reloaded on :8082
2021-05-05T12:31:29.163Z [jfrou] [INFO ] [                ] [server_configuration.go:61    ] [main                ] - Server configuration reloaded on localhost:8046
2021-05-05T12:31:29.232Z [jfrou] [INFO ] [                ] [server_configuration.go:465   ] [main                ] - Skipping same configuration for provider file
2021-05-05T12:31:31.165Z [jfrou] [INFO ] [                ] [server_configuration.go:61    ] [main                ] - Server configuration reloaded on localhost:8049
2021-05-05T12:31:31.165Z [jfrou] [INFO ] [                ] [server_configuration.go:61    ] [main                ] - Server configuration reloaded on :8082
2021-05-05T12:31:31.166Z [jfrou] [INFO ] [                ] [server_configuration.go:61    ] [main                ] - Server configuration reloaded on localhost:8046
2021-05-05T12:31:33.164Z [jfrou] [INFO ] [                ] [server_configuration.go:61    ] [main                ] - Server configuration reloaded on localhost:8049
2021-05-05T12:31:33.164Z [jfrou] [INFO ] [                ] [server_configuration.go:61    ] [main                ] - Server configuration reloaded on :8082
2021-05-05T12:31:33.164Z [jfrou] [INFO ] [                ] [server_configuration.go:61    ] [main                ] - Server configuration reloaded on localhost:8046
2021-05-05T12:31:36.694Z [jfrou] [INFO ] [                ] [server_configuration.go:61    ] [main                ] - Server configuration reloaded on localhost:8046
2021-05-05T12:31:36.694Z [jfrou] [INFO ] [                ] [server_configuration.go:61    ] [main                ] - Server configuration reloaded on localhost:8049
2021-05-05T12:31:36.694Z [jfrou] [INFO ] [                ] [server_configuration.go:61    ] [main                ] - Server configuration reloaded on :8082
2021-05-05T12:31:44.188Z [jfrou] [INFO ] [                ] [server_configuration.go:61    ] [main                ] - Server configuration reloaded on localhost:8049
2021-05-05T12:31:44.188Z [jfrou] [INFO ] [                ] [server_configuration.go:61    ] [main                ] - Server configuration reloaded on :8082
2021-05-05T12:31:44.188Z [jfrou] [INFO ] [                ] [server_configuration.go:61    ] [main                ] - Server configuration reloaded on localhost:8046
2021-05-05T12:31:47.201Z [jfrou] [INFO ] [                ] [server_configuration.go:61    ] [main                ] - Server configuration reloaded on localhost:8049
2021-05-05T12:31:47.201Z [jfrou] [INFO ] [                ] [server_configuration.go:61    ] [main                ] - Server configuration reloaded on :8082
2021-05-05T12:31:47.201Z [jfrou] [INFO ] [                ] [server_configuration.go:61    ] [main                ] - Server configuration reloaded on localhost:8046
2021-05-05T12:53:34.020Z [jfrou] [ERROR] [                ] [file.go:141                   ] [main                ] - Error occurred during watcher callback: unable to load content configuration from subdirectory &{external %!s(int64=4096) %!s(os.FileMode=2147484141) {%!s(uint64=226887269) %!s(int64=63755814689) %!s(*time.Location=&{UTC [] []  0 0 <nil>})} {%!s(uint64=64768) %!s(uint64=2886476) %!s(uint64=2) %!s(uint32=16877) %!s(uint32=1001) %!s(uint32=1001) %!s(int32=0) %!s(uint64=0) %!s(int64=4096) %!s(int64=4096) %!s(int64=8) {%!s(int64=1620217889) %!s(int64=230889269)} {%!s(int64=1620217889) %!s(int64=226887269)} {%!s(int64=1620219214) %!s(int64=16951269)} [%!s(int64=0) %!s(int64=0) %!s(int64=0)]}}: error reading configuration file: /opt/jfrog/artifactory/var/data/router/traefik/routes/external/external-routes.toml - open /opt/jfrog/artifactory/var/data/router/traefik/routes/external/external-routes.toml: permission denied
2021-05-05T12:53:34.029Z [jfrou] [ERROR] [                ] [file.go:141                   ] [main                ] - Error occurred during watcher callback: unable to load content configuration from subdirectory &{external %!s(int64=4096) %!s(os.FileMode=2147484141) {%!s(uint64=226887269) %!s(int64=63755814689) %!s(*time.Location=&{UTC [] []  0 0 <nil>})} {%!s(uint64=64768) %!s(uint64=2886476) %!s(uint64=2) %!s(uint32=16877) %!s(uint32=1001) %!s(uint32=1001) %!s(int32=0) %!s(uint64=0) %!s(int64=4096) %!s(int64=4096) %!s(int64=8) {%!s(int64=1620219214) %!s(int64=16951269)} {%!s(int64=1620217889) %!s(int64=226887269)} {%!s(int64=1620219214) %!s(int64=16951269)} [%!s(int64=0) %!s(int64=0) %!s(int64=0)]}}: error reading configuration file: /opt/jfrog/artifactory/var/data/router/traefik/routes/external/external-routes.toml - open /opt/jfrog/artifactory/var/data/router/traefik/routes/external/external-routes.toml: permission denied
2021-05-05T12:53:34.029Z [jfrou] [ERROR] [                ] [file.go:141                   ] [main                ] - Error occurred during watcher callback: unable to load content configuration from subdirectory &{external %!s(int64=4096) %!s(os.FileMode=2147484141) {%!s(uint64=226887269) %!s(int64=63755814689) %!s(*time.Location=&{UTC [] []  0 0 <nil>})} {%!s(uint64=64768) %!s(uint64=2886476) %!s(uint64=2) %!s(uint32=16877) %!s(uint32=1001) %!s(uint32=1001) %!s(int32=0) %!s(uint64=0) %!s(int64=4096) %!s(int64=4096) %!s(int64=8) {%!s(int64=1620219214) %!s(int64=24955268)} {%!s(int64=1620217889) %!s(int64=226887269)} {%!s(int64=1620219214) %!s(int64=16951269)} [%!s(int64=0) %!s(int64=0) %!s(int64=0)]}}: error reading configuration file: /opt/jfrog/artifactory/var/data/router/traefik/routes/external/external-routes.toml - open /opt/jfrog/artifactory/var/data/router/traefik/routes/external/external-routes.toml: permission denied
2021-05-05T12:53:34.030Z [jfrou] [ERROR] [                ] [file.go:141                   ] [main                ] - Error occurred during watcher callback: unable to load content configuration from subdirectory &{external %!s(int64=4096) %!s(os.FileMode=2147484141) {%!s(uint64=226887269) %!s(int64=63755814689) %!s(*time.Location=&{UTC [] []  0 0 <nil>})} {%!s(uint64=64768) %!s(uint64=2886476) %!s(uint64=2) %!s(uint32=16877) %!s(uint32=1001) %!s(uint32=1001) %!s(int32=0) %!s(uint64=0) %!s(int64=4096) %!s(int64=4096) %!s(int64=8) {%!s(int64=1620219214) %!s(int64=24955268)} {%!s(int64=1620217889) %!s(int64=226887269)} {%!s(int64=1620219214) %!s(int64=16951269)} [%!s(int64=0) %!s(int64=0) %!s(int64=0)]}}: error reading configuration file: /opt/jfrog/artifactory/var/data/router/traefik/routes/external/external-routes.toml - open /opt/jfrog/artifactory/var/data/router/traefik/routes/external/external-routes.toml: permission denied
2021-05-05T12:53:34.030Z [jfrou] [ERROR] [                ] [file.go:141                   ] [main                ] - Error occurred during watcher callback: unable to load content configuration from subdirectory &{external %!s(int64=4096) %!s(os.FileMode=2147484141) {%!s(uint64=226887269) %!s(int64=63755814689) %!s(*time.Location=&{UTC [] []  0 0 <nil>})} {%!s(uint64=64768) %!s(uint64=2886476) %!s(uint64=2) %!s(uint32=16877) %!s(uint32=1001) %!s(uint32=1001) %!s(int32=0) %!s(uint64=0) %!s(int64=4096) %!s(int64=4096) %!s(int64=8) {%!s(int64=1620219214) %!s(int64=24955268)} {%!s(int64=1620217889) %!s(int64=226887269)} {%!s(int64=1620219214) %!s(int64=16951269)} [%!s(int64=0) %!s(int64=0) %!s(int64=0)]}}: error reading configuration file: /opt/jfrog/artifactory/var/data/router/traefik/routes/external/external-routes.toml - open /opt/jfrog/artifactory/var/data/router/traefik/routes/external/external-routes.toml: permission denied
